2026-01-08T08:28:10+00:00 WARNING Product feed scheduling failed: Integration not configured. : {"flow_name":"product_feed","flow_step":"schedule_feed_generation"}
2026-01-08T08:28:10+00:00 WARNING Language override feed scheduling failed: Integration not configured. : {"flow_name":"language_override_feed","flow_step":"schedule_feed_generation"}
2026-01-08T08:28:10+00:00 ERROR Error persisting error logs: Impossible de créer l’instance d’API car le jeton d’accès est manquant. : []
2026-01-08T08:28:10+00:00 ERROR Error persisting Meta logs: Impossible de créer l’instance d’API car le jeton d’accès est manquant. : []
2026-01-08T08:29:43+00:00 ERROR Error persisting Meta logs: Impossible de créer l’instance d’API car le jeton d’accès est manquant. : []
2026-01-08T08:35:54+00:00 ERROR Error persisting Meta logs: Impossible de créer l’instance d’API car le jeton d’accès est manquant. : []
2026-01-08T08:41:57+00:00 ERROR Error persisting Meta logs: Impossible de créer l’instance d’API car le jeton d’accès est manquant. : []
2026-01-08T08:58:50+00:00 ERROR Error persisting Meta logs: Impossible de créer l’instance d’API car le jeton d’accès est manquant. : []
2026-01-08T08:59:23+00:00 ERROR Error persisting Meta logs: Impossible de créer l’instance d’API car le jeton d’accès est manquant. : []
2026-01-08T09:05:42+00:00 ERROR Error persisting Meta logs: Impossible de créer l’instance d’API car le jeton d’accès est manquant. : []
2026-01-08T09:08:53+00:00 ERROR Error persisting Meta logs: Impossible de créer l’instance d’API car le jeton d’accès est manquant. : []
2026-01-08T09:16:58+00:00 ERROR Error persisting Meta logs: Impossible de créer l’instance d’API car le jeton d’accès est manquant. : []
2026-01-08T09:20:59+00:00 ERROR Error persisting Meta logs: Impossible de créer l’instance d’API car le jeton d’accès est manquant. : []
2026-01-08T09:27:02+00:00 ERROR Error persisting Meta logs: Impossible de créer l’instance d’API car le jeton d’accès est manquant. : []
2026-01-08T09:31:04+00:00 ERROR Error persisting Meta logs: Impossible de créer l’instance d’API car le jeton d’accès est manquant. : []
2026-01-08T09:35:07+00:00 ERROR Error persisting Meta logs: Impossible de créer l’instance d’API car le jeton d’accès est manquant. : []
2026-01-08T09:41:10+00:00 ERROR Error persisting Meta logs: Impossible de créer l’instance d’API car le jeton d’accès est manquant. : []
2026-01-08T09:45:11+00:00 ERROR Error persisting Meta logs: Impossible de créer l’instance d’API car le jeton d’accès est manquant. : []
2026-01-08T09:51:14+00:00 ERROR Error persisting Meta logs: Impossible de créer l’instance d’API car le jeton d’accès est manquant. : []
2026-01-08T09:55:16+00:00 ERROR Error persisting Meta logs: Impossible de créer l’instance d’API car le jeton d’accès est manquant. : []
2026-01-08T09:57:17+00:00 WARNING Product feed scheduling failed: Integration not configured. : {"flow_name":"product_feed","flow_step":"schedule_feed_generation"}
2026-01-08T09:57:17+00:00 WARNING Language override feed scheduling failed: Integration not configured. : {"flow_name":"language_override_feed","flow_step":"schedule_feed_generation"}
2026-01-08T09:59:09+00:00 ERROR Error persisting Meta logs: Impossible de créer l’instance d’API car le jeton d’accès est manquant. : []
2026-01-08T10:03:44+00:00 ERROR Error persisting Meta logs: Impossible de créer l’instance d’API car le jeton d’accès est manquant. : []
2026-01-08T10:09:51+00:00 ERROR Error persisting Meta logs: Impossible de créer l’instance d’API car le jeton d’accès est manquant. : []
2026-01-08T10:15:54+00:00 ERROR Error persisting Meta logs: Impossible de créer l’instance d’API car le jeton d’accès est manquant. : []
2026-01-08T10:19:34+00:00 ERROR Error persisting Meta logs: Impossible de créer l’instance d’API car le jeton d’accès est manquant. : []
2026-01-08T10:24:11+00:00 ERROR Error persisting Meta logs: Impossible de créer l’instance d’API car le jeton d’accès est manquant. : []
2026-01-08T10:29:54+00:00 ERROR Error persisting Meta logs: Impossible de créer l’instance d’API car le jeton d’accès est manquant. : []
2026-01-08T10:34:01+00:00 ERROR Error persisting Meta logs: Impossible de créer l’instance d’API car le jeton d’accès est manquant. : []
2026-01-08T10:39:09+00:00 ERROR Error persisting Meta logs: Impossible de créer l’instance d’API car le jeton d’accès est manquant. : []
2026-01-08T10:46:22+00:00 ERROR Error persisting Meta logs: Impossible de créer l’instance d’API car le jeton d’accès est manquant. : []
2026-01-08T10:50:25+00:00 ERROR Error persisting Meta logs: Impossible de créer l’instance d’API car le jeton d’accès est manquant. : []
2026-01-08T10:56:27+00:00 ERROR Error persisting Meta logs: Impossible de créer l’instance d’API car le jeton d’accès est manquant. : []
2026-01-08T11:00:28+00:00 ERROR Error persisting Meta logs: Impossible de créer l’instance d’API car le jeton d’accès est manquant. : []
2026-01-08T11:06:31+00:00 ERROR Error persisting Meta logs: Impossible de créer l’instance d’API car le jeton d’accès est manquant. : []
2026-01-08T11:10:33+00:00 ERROR Error persisting Meta logs: Impossible de créer l’instance d’API car le jeton d’accès est manquant. : []
2026-01-08T11:14:34+00:00 ERROR Error persisting Meta logs: Impossible de créer l’instance d’API car le jeton d’accès est manquant. : []
2026-01-08T11:19:23+00:00 ERROR Error persisting Meta logs: Impossible de créer l’instance d’API car le jeton d’accès est manquant. : []
2026-01-08T11:24:39+00:00 ERROR Error persisting Meta logs: Impossible de créer l’instance d’API car le jeton d’accès est manquant. : []
2026-01-08T11:29:35+00:00 ERROR Error persisting Meta logs: Impossible de créer l’instance d’API car le jeton d’accès est manquant. : []
2026-01-08T11:34:20+00:00 ERROR Error persisting Meta logs: Impossible de créer l’instance d’API car le jeton d’accès est manquant. : []
2026-01-08T11:39:57+00:00 ERROR Error persisting Meta logs: Impossible de créer l’instance d’API car le jeton d’accès est manquant. : []
2026-01-08T11:44:48+00:00 ERROR Error persisting Meta logs: Impossible de créer l’instance d’API car le jeton d’accès est manquant. : []
2026-01-08T11:50:03+00:00 ERROR Error persisting Meta logs: Impossible de créer l’instance d’API car le jeton d’accès est manquant. : []
2026-01-08T12:07:09+00:00 ERROR Error persisting Meta logs: Impossible de créer l’instance d’API car le jeton d’accès est manquant. : []
2026-01-08T12:07:10+00:00 WARNING Product feed scheduling failed: Integration not configured. : {"flow_name":"product_feed","flow_step":"schedule_feed_generation"}
2026-01-08T12:07:10+00:00 WARNING Language override feed scheduling failed: Integration not configured. : {"flow_name":"language_override_feed","flow_step":"schedule_feed_generation"}
2026-01-08T12:07:10+00:00 ERROR Error persisting error logs: Impossible de créer l’instance d’API car le jeton d’accès est manquant. : []
2026-01-08T12:09:10+00:00 ERROR Error persisting Meta logs: Impossible de créer l’instance d’API car le jeton d’accès est manquant. : []
2026-01-08T12:14:30+00:00 ERROR Error persisting Meta logs: Impossible de créer l’instance d’API car le jeton d’accès est manquant. : []
2026-01-08T12:18:44+00:00 ERROR Error persisting Meta logs: Impossible de créer l’instance d’API car le jeton d’accès est manquant. : []
2026-01-08T12:24:01+00:00 ERROR Error persisting Meta logs: Impossible de créer l’instance d’API car le jeton d’accès est manquant. : []
2026-01-08T12:31:36+00:00 ERROR Error persisting Meta logs: Impossible de créer l’instance d’API car le jeton d’accès est manquant. : []
2026-01-08T12:35:38+00:00 ERROR Error persisting Meta logs: Impossible de créer l’instance d’API car le jeton d’accès est manquant. : []
2026-01-08T12:41:41+00:00 ERROR Error persisting Meta logs: Impossible de créer l’instance d’API car le jeton d’accès est manquant. : []
2026-01-08T12:44:13+00:00 ERROR Error persisting Meta logs: Impossible de créer l’instance d’API car le jeton d’accès est manquant. : []
2026-01-08T12:49:46+00:00 ERROR Error persisting Meta logs: Impossible de créer l’instance d’API car le jeton d’accès est manquant. : []
2026-01-08T12:54:18+00:00 ERROR Error persisting Meta logs: Impossible de créer l’instance d’API car le jeton d’accès est manquant. : []
2026-01-08T12:55:49+00:00 NOTICE Unable to detect valid feed configuration: No catalog ID
2026-01-08T12:55:49+00:00 NOTICE There was an error trying to get product set data in a catalog: Impossible de créer l’instance d’API car le jeton d’accès est manquant.
2026-01-08T12:55:49+00:00 ERROR ProductSetSync exception: exception_code : 0; exception_class : WooCommerce\Facebook\Framework\Api\Exception: exception_message : Impossible de créer l’instance d’API car le jeton d’accès est manquant.; exception_trace : #0 C:\xampp\htdocs\ChicDressing\wp-content\plugins\facebook-for-woocommerce\includes\ProductSets\ProductSetSync.php(139): WC_Facebookcommerce->get_api()
#1 C:\xampp\htdocs\ChicDressing\wp-content\plugins\facebook-for-woocommerce\includes\ProductSets\ProductSetSync.php(226): WooCommerce\Facebook\ProductSets\ProductSetSync->get_fb_product_set_id(Object(WP_Term))
#2 C:\xampp\htdocs\ChicDressing\wp-content\plugins\facebook-for-woocommerce\includes\ProductSets\ProductSetSync.php(107): WooCommerce\Facebook\ProductSets\ProductSetSync->sync_all_wc_product_categories()
#3 C:\xampp\htdocs\ChicDressing\wp-includes\class-wp-hook.php(341): WooCommerce\Facebook\ProductSets\ProductSetSync->sync_all_product_sets()
#4 C:\xampp\htdocs\ChicDressing\wp-includes\class-wp-hook.php(365): WP_Hook->apply_filters(NULL, Array)
#5 C:\xampp\htdocs\ChicDressing\wp-includes\plugin.php(570): WP_Hook->do_action(Array)
#6 C:\xampp\htdocs\ChicDressing\wp-content\plugins\woocommerce\packages\action-scheduler\classes\actions\ActionScheduler_Action.php(86): do_action_ref_array('facebook_for_wo...', Array)
#7 C:\xampp\htdocs\ChicDressing\wp-content\plugins\woocommerce\packages\action-scheduler\classes\abstracts\ActionScheduler_Abstract_QueueRunner.php(103): ActionScheduler_Action->execute()
#8 C:\xampp\htdocs\ChicDressing\wp-content\plugins\woocommerce\packages\action-scheduler\classes\ActionScheduler_QueueRunner.php(188): ActionScheduler_Abstract_QueueRunner->process_action(5765, 'WP Cron')
#9 C:\xampp\htdocs\ChicDressing\wp-content\plugins\woocommerce\packages\action-scheduler\classes\ActionScheduler_QueueRunner.php(158): ActionScheduler_QueueRunner->do_batch(25, 'WP Cron')
#10 C:\xampp\htdocs\ChicDressing\wp-includes\class-wp-hook.php(341): ActionScheduler_QueueRunner->run('WP Cron')
#11 C:\xampp\htdocs\ChicDressing\wp-includes\class-wp-hook.php(365): WP_Hook->apply_filters('', Array)
#12 C:\xampp\htdocs\ChicDressing\wp-includes\plugin.php(570): WP_Hook->do_action(Array)
#13 C:\xampp\htdocs\ChicDressing\wp-cron.php(191): do_action_ref_array('action_schedule...', Array)
#14 {main}
2026-01-08T12:55:49+00:00 NOTICE There was an error trying to get product set data in a catalog: Impossible de créer l’instance d’API car le jeton d’accès est manquant.
2026-01-08T12:55:49+00:00 ERROR ProductSetSync exception: exception_code : 0; exception_class : WooCommerce\Facebook\Framework\Api\Exception: exception_message : Impossible de créer l’instance d’API car le jeton d’accès est manquant.; exception_trace : #0 C:\xampp\htdocs\ChicDressing\wp-content\plugins\facebook-for-woocommerce\includes\ProductSets\ProductSetSync.php(139): WC_Facebookcommerce->get_api()
#1 C:\xampp\htdocs\ChicDressing\wp-content\plugins\facebook-for-woocommerce\includes\ProductSets\ProductSetSync.php(226): WooCommerce\Facebook\ProductSets\ProductSetSync->get_fb_product_set_id(Object(WP_Term))
#2 C:\xampp\htdocs\ChicDressing\wp-content\plugins\facebook-for-woocommerce\includes\ProductSets\ProductSetSync.php(107): WooCommerce\Facebook\ProductSets\ProductSetSync->sync_all_wc_product_categories()
#3 C:\xampp\htdocs\ChicDressing\wp-includes\class-wp-hook.php(341): WooCommerce\Facebook\ProductSets\ProductSetSync->sync_all_product_sets()
#4 C:\xampp\htdocs\ChicDressing\wp-includes\class-wp-hook.php(365): WP_Hook->apply_filters(NULL, Array)
#5 C:\xampp\htdocs\ChicDressing\wp-includes\plugin.php(570): WP_Hook->do_action(Array)
#6 C:\xampp\htdocs\ChicDressing\wp-content\plugins\woocommerce\packages\action-scheduler\classes\actions\ActionScheduler_Action.php(86): do_action_ref_array('facebook_for_wo...', Array)
#7 C:\xampp\htdocs\ChicDressing\wp-content\plugins\woocommerce\packages\action-scheduler\classes\abstracts\ActionScheduler_Abstract_QueueRunner.php(103): ActionScheduler_Action->execute()
#8 C:\xampp\htdocs\ChicDressing\wp-content\plugins\woocommerce\packages\action-scheduler\classes\ActionScheduler_QueueRunner.php(188): ActionScheduler_Abstract_QueueRunner->process_action(5765, 'WP Cron')
#9 C:\xampp\htdocs\ChicDressing\wp-content\plugins\woocommerce\packages\action-scheduler\classes\ActionScheduler_QueueRunner.php(158): ActionScheduler_QueueRunner->do_batch(25, 'WP Cron')
#10 C:\xampp\htdocs\ChicDressing\wp-includes\class-wp-hook.php(341): ActionScheduler_QueueRunner->run('WP Cron')
#11 C:\xampp\htdocs\ChicDressing\wp-includes\class-wp-hook.php(365): WP_Hook->apply_filters('', Array)
#12 C:\xampp\htdocs\ChicDressing\wp-includes\plugin.php(570): WP_Hook->do_action(Array)
#13 C:\xampp\htdocs\ChicDressing\wp-cron.php(191): do_action_ref_array('action_schedule...', Array)
#14 {main}
2026-01-08T12:55:49+00:00 NOTICE There was an error trying to get product set data in a catalog: Impossible de créer l’instance d’API car le jeton d’accès est manquant.
2026-01-08T12:55:49+00:00 ERROR ProductSetSync exception: exception_code : 0; exception_class : WooCommerce\Facebook\Framework\Api\Exception: exception_message : Impossible de créer l’instance d’API car le jeton d’accès est manquant.; exception_trace : #0 C:\xampp\htdocs\ChicDressing\wp-content\plugins\facebook-for-woocommerce\includes\ProductSets\ProductSetSync.php(139): WC_Facebookcommerce->get_api()
#1 C:\xampp\htdocs\ChicDressing\wp-content\plugins\facebook-for-woocommerce\includes\ProductSets\ProductSetSync.php(226): WooCommerce\Facebook\ProductSets\ProductSetSync->get_fb_product_set_id(Object(WP_Term))
#2 C:\xampp\htdocs\ChicDressing\wp-content\plugins\facebook-for-woocommerce\includes\ProductSets\ProductSetSync.php(107): WooCommerce\Facebook\ProductSets\ProductSetSync->sync_all_wc_product_categories()
#3 C:\xampp\htdocs\ChicDressing\wp-includes\class-wp-hook.php(341): WooCommerce\Facebook\ProductSets\ProductSetSync->sync_all_product_sets()
#4 C:\xampp\htdocs\ChicDressing\wp-includes\class-wp-hook.php(365): WP_Hook->apply_filters(NULL, Array)
#5 C:\xampp\htdocs\ChicDressing\wp-includes\plugin.php(570): WP_Hook->do_action(Array)
#6 C:\xampp\htdocs\ChicDressing\wp-content\plugins\woocommerce\packages\action-scheduler\classes\actions\ActionScheduler_Action.php(86): do_action_ref_array('facebook_for_wo...', Array)
#7 C:\xampp\htdocs\ChicDressing\wp-content\plugins\woocommerce\packages\action-scheduler\classes\abstracts\ActionScheduler_Abstract_QueueRunner.php(103): ActionScheduler_Action->execute()
#8 C:\xampp\htdocs\ChicDressing\wp-content\plugins\woocommerce\packages\action-scheduler\classes\ActionScheduler_QueueRunner.php(188): ActionScheduler_Abstract_QueueRunner->process_action(5765, 'WP Cron')
#9 C:\xampp\htdocs\ChicDressing\wp-content\plugins\woocommerce\packages\action-scheduler\classes\ActionScheduler_QueueRunner.php(158): ActionScheduler_QueueRunner->do_batch(25, 'WP Cron')
#10 C:\xampp\htdocs\ChicDressing\wp-includes\class-wp-hook.php(341): ActionScheduler_QueueRunner->run('WP Cron')
#11 C:\xampp\htdocs\ChicDressing\wp-includes\class-wp-hook.php(365): WP_Hook->apply_filters('', Array)
#12 C:\xampp\htdocs\ChicDressing\wp-includes\plugin.php(570): WP_Hook->do_action(Array)
#13 C:\xampp\htdocs\ChicDressing\wp-cron.php(191): do_action_ref_array('action_schedule...', Array)
#14 {main}
2026-01-08T12:59:50+00:00 ERROR Error persisting Meta logs: Impossible de créer l’instance d’API car le jeton d’accès est manquant. : []
2026-01-08T13:05:53+00:00 ERROR Error persisting Meta logs: Impossible de créer l’instance d’API car le jeton d’accès est manquant. : []
2026-01-08T13:09:54+00:00 ERROR Error persisting Meta logs: Impossible de créer l’instance d’API car le jeton d’accès est manquant. : []
2026-01-08T13:14:08+00:00 ERROR Error persisting Meta logs: Impossible de créer l’instance d’API car le jeton d’accès est manquant. : []
2026-01-08T13:20:00+00:00 ERROR Error persisting Meta logs: Impossible de créer l’instance d’API car le jeton d’accès est manquant. : []
2026-01-08T13:24:04+00:00 ERROR Error persisting Meta logs: Impossible de créer l’instance d’API car le jeton d’accès est manquant. : []
2026-01-08T13:24:08+00:00 ERROR Error persisting Meta logs: Impossible de créer l’instance d’API car le jeton d’accès est manquant. : []
2026-01-08T13:29:21+00:00 ERROR Error persisting Meta logs: Impossible de créer l’instance d’API car le jeton d’accès est manquant. : []
2026-01-08T13:34:13+00:00 ERROR Error persisting Meta logs: Impossible de créer l’instance d’API car le jeton d’accès est manquant. : []
2026-01-08T13:40:09+00:00 ERROR Error persisting Meta logs: Impossible de créer l’instance d’API car le jeton d’accès est manquant. : []
2026-01-08T13:46:12+00:00 ERROR Error persisting Meta logs: Impossible de créer l’instance d’API car le jeton d’accès est manquant. : []
2026-01-08T13:50:14+00:00 ERROR Error persisting Meta logs: Impossible de créer l’instance d’API car le jeton d’accès est manquant. : []
2026-01-08T13:56:17+00:00 ERROR Error persisting Meta logs: Impossible de créer l’instance d’API car le jeton d’accès est manquant. : []
2026-01-08T13:56:18+00:00 WARNING Product feed scheduling failed: Integration not configured. : {"flow_name":"product_feed","flow_step":"schedule_feed_generation"}
2026-01-08T13:56:18+00:00 WARNING Language override feed scheduling failed: Integration not configured. : {"flow_name":"language_override_feed","flow_step":"schedule_feed_generation"}
2026-01-08T14:00:20+00:00 ERROR Error persisting Meta logs: Impossible de créer l’instance d’API car le jeton d’accès est manquant. : []
2026-01-08T14:06:23+00:00 ERROR Error persisting Meta logs: Impossible de créer l’instance d’API car le jeton d’accès est manquant. : []
2026-01-08T14:10:24+00:00 ERROR Error persisting Meta logs: Impossible de créer l’instance d’API car le jeton d’accès est manquant. : []
2026-01-08T14:16:27+00:00 ERROR Error persisting Meta logs: Impossible de créer l’instance d’API car le jeton d’accès est manquant. : []
2026-01-08T14:20:29+00:00 ERROR Error persisting Meta logs: Impossible de créer l’instance d’API car le jeton d’accès est manquant. : []
2026-01-08T14:26:32+00:00 ERROR Error persisting Meta logs: Impossible de créer l’instance d’API car le jeton d’accès est manquant. : []
2026-01-08T14:30:35+00:00 ERROR Error persisting Meta logs: Impossible de créer l’instance d’API car le jeton d’accès est manquant. : []
2026-01-08T14:36:38+00:00 ERROR Error persisting Meta logs: Impossible de créer l’instance d’API car le jeton d’accès est manquant. : []
2026-01-08T14:40:39+00:00 ERROR Error persisting Meta logs: Impossible de créer l’instance d’API car le jeton d’accès est manquant. : []
2026-01-08T14:46:42+00:00 ERROR Error persisting Meta logs: Impossible de créer l’instance d’API car le jeton d’accès est manquant. : []
2026-01-08T14:50:44+00:00 ERROR Error persisting Meta logs: Impossible de créer l’instance d’API car le jeton d’accès est manquant. : []
2026-01-08T14:56:38+00:00 ERROR Error persisting Meta logs: Impossible de créer l’instance d’API car le jeton d’accès est manquant. : []
2026-01-08T14:56:38+00:00 WARNING Product feed scheduling failed: Integration not configured. : {"flow_name":"product_feed","flow_step":"schedule_feed_generation"}
2026-01-08T14:56:38+00:00 WARNING Language override feed scheduling failed: Integration not configured. : {"flow_name":"language_override_feed","flow_step":"schedule_feed_generation"}
2026-01-08T15:00:47+00:00 ERROR Error persisting Meta logs: Impossible de créer l’instance d’API car le jeton d’accès est manquant. : []
2026-01-08T15:06:53+00:00 ERROR Error persisting Meta logs: Impossible de créer l’instance d’API car le jeton d’accès est manquant. : []
2026-01-08T15:09:13+00:00 ERROR Error persisting Meta logs: Impossible de créer l’instance d’API car le jeton d’accès est manquant. : []
2026-01-08T15:14:44+00:00 ERROR Error persisting Meta logs: Impossible de créer l’instance d’API car le jeton d’accès est manquant. : []
2026-01-08T15:19:10+00:00 ERROR Error persisting Meta logs: Impossible de créer l’instance d’API car le jeton d’accès est manquant. : []
2026-01-08T15:24:50+00:00 ERROR Error persisting Meta logs: Impossible de créer l’instance d’API car le jeton d’accès est manquant. : []
2026-01-08T15:29:09+00:00 ERROR Error persisting Meta logs: Impossible de créer l’instance d’API car le jeton d’accès est manquant. : []
2026-01-08T15:34:54+00:00 ERROR Error persisting Meta logs: Impossible de créer l’instance d’API car le jeton d’accès est manquant. : []
2026-01-08T15:39:08+00:00 ERROR Error persisting Meta logs: Impossible de créer l’instance d’API car le jeton d’accès est manquant. : []
2026-01-08T15:44:59+00:00 ERROR Error persisting Meta logs: Impossible de créer l’instance d’API car le jeton d’accès est manquant. : []
2026-01-08T15:49:13+00:00 ERROR Error persisting Meta logs: Impossible de créer l’instance d’API car le jeton d’accès est manquant. : []
2026-01-08T15:55:05+00:00 ERROR Error persisting Meta logs: Impossible de créer l’instance d’API car le jeton d’accès est manquant. : []
2026-01-08T15:55:11+00:00 ERROR Error persisting error logs: Impossible de créer l’instance d’API car le jeton d’accès est manquant. : []
2026-01-08T15:59:18+00:00 ERROR Error persisting Meta logs: Impossible de créer l’instance d’API car le jeton d’accès est manquant. : []
2026-01-08T16:05:09+00:00 ERROR Error persisting Meta logs: Impossible de créer l’instance d’API car le jeton d’accès est manquant. : []
2026-01-08T16:21:34+00:00 ERROR Error persisting Meta logs: Impossible de créer l’instance d’API car le jeton d’accès est manquant. : []
2026-01-08T16:24:34+00:00 ERROR Error persisting Meta logs: Impossible de créer l’instance d’API car le jeton d’accès est manquant. : []
2026-01-08T16:28:42+00:00 ERROR Error persisting Meta logs: Impossible de créer l’instance d’API car le jeton d’accès est manquant. : []
2026-01-08T16:35:34+00:00 ERROR Error persisting Meta logs: Impossible de créer l’instance d’API car le jeton d’accès est manquant. : []
2026-01-08T16:40:12+00:00 ERROR Error persisting Meta logs: Impossible de créer l’instance d’API car le jeton d’accès est manquant. : []
2026-01-08T16:44:12+00:00 ERROR Error persisting Meta logs: Impossible de créer l’instance d’API car le jeton d’accès est manquant. : []
2026-01-08T16:50:14+00:00 ERROR Error persisting Meta logs: Impossible de créer l’instance d’API car le jeton d’accès est manquant. : []
2026-01-08T16:55:18+00:00 ERROR Error persisting Meta logs: Impossible de créer l’instance d’API car le jeton d’accès est manquant. : []
2026-01-08T16:55:19+00:00 WARNING Product feed scheduling failed: Integration not configured. : {"flow_name":"product_feed","flow_step":"schedule_feed_generation"}
2026-01-08T16:55:19+00:00 WARNING Language override feed scheduling failed: Integration not configured. : {"flow_name":"language_override_feed","flow_step":"schedule_feed_generation"}
2026-01-08T17:00:57+00:00 ERROR Error persisting Meta logs: Impossible de créer l’instance d’API car le jeton d’accès est manquant. : []
2026-01-08T17:07:00+00:00 ERROR Error persisting Meta logs: Impossible de créer l’instance d’API car le jeton d’accès est manquant. : []
2026-01-08T17:10:02+00:00 ERROR Error persisting Meta logs: Impossible de créer l’instance d’API car le jeton d’accès est manquant. : []
2026-01-08T17:14:19+00:00 ERROR Error persisting Meta logs: Impossible de créer l’instance d’API car le jeton d’accès est manquant. : []
2026-01-08T17:19:17+00:00 ERROR Error persisting Meta logs: Impossible de créer l’instance d’API car le jeton d’accès est manquant. : []
2026-01-08T17:24:28+00:00 ERROR Error persisting Meta logs: Impossible de créer l’instance d’API car le jeton d’accès est manquant. : []
2026-01-08T17:31:00+00:00 ERROR Error persisting Meta logs: Impossible de créer l’instance d’API car le jeton d’accès est manquant. : []
2026-01-08T17:34:19+00:00 ERROR Error persisting Meta logs: Impossible de créer l’instance d’API car le jeton d’accès est manquant. : []
2026-01-08T17:39:16+00:00 ERROR Error persisting Meta logs: Impossible de créer l’instance d’API car le jeton d’accès est manquant. : []
2026-01-08T17:48:11+00:00 ERROR Error persisting Meta logs: Impossible de créer l’instance d’API car le jeton d’accès est manquant. : []
2026-01-08T17:49:10+00:00 ERROR Error persisting Meta logs: Impossible de créer l’instance d’API car le jeton d’accès est manquant. : []
2026-01-08T17:54:09+00:00 ERROR Error persisting Meta logs: Impossible de créer l’instance d’API car le jeton d’accès est manquant. : []
2026-01-08T17:59:02+00:00 ERROR Error persisting Meta logs: Impossible de créer l’instance d’API car le jeton d’accès est manquant. : []
2026-01-08T18:04:19+00:00 ERROR Error persisting Meta logs: Impossible de créer l’instance d’API car le jeton d’accès est manquant. : []
2026-01-08T18:09:12+00:00 ERROR Error persisting Meta logs: Impossible de créer l’instance d’API car le jeton d’accès est manquant. : []
2026-01-08T18:14:08+00:00 ERROR Error persisting Meta logs: Impossible de créer l’instance d’API car le jeton d’accès est manquant. : []
2026-01-08T18:20:06+00:00 ERROR Error persisting Meta logs: Impossible de créer l’instance d’API car le jeton d’accès est manquant. : []
2026-01-08T18:26:09+00:00 ERROR Error persisting Meta logs: Impossible de créer l’instance d’API car le jeton d’accès est manquant. : []
2026-01-08T18:30:19+00:00 ERROR Error persisting Meta logs: Impossible de créer l’instance d’API car le jeton d’accès est manquant. : []
2026-01-08T18:36:15+00:00 ERROR Error persisting Meta logs: Impossible de créer l’instance d’API car le jeton d’accès est manquant. : []
2026-01-08T18:40:16+00:00 ERROR Error persisting Meta logs: Impossible de créer l’instance d’API car le jeton d’accès est manquant. : []
2026-01-08T18:46:20+00:00 ERROR Error persisting Meta logs: Impossible de créer l’instance d’API car le jeton d’accès est manquant. : []
2026-01-08T18:49:07+00:00 ERROR Error persisting Meta logs: Impossible de créer l’instance d’API car le jeton d’accès est manquant. : []
2026-01-08T18:54:23+00:00 ERROR Error persisting Meta logs: Impossible de créer l’instance d’API car le jeton d’accès est manquant. : []
2026-01-08T18:56:24+00:00 WARNING Product feed scheduling failed: Integration not configured. : {"flow_name":"product_feed","flow_step":"schedule_feed_generation"}
2026-01-08T18:56:24+00:00 WARNING Language override feed scheduling failed: Integration not configured. : {"flow_name":"language_override_feed","flow_step":"schedule_feed_generation"}
2026-01-08T18:56:24+00:00 ERROR Error persisting error logs: Impossible de créer l’instance d’API car le jeton d’accès est manquant. : []
2026-01-08T18:59:46+00:00 ERROR Error persisting Meta logs: Impossible de créer l’instance d’API car le jeton d’accès est manquant. : []
2026-01-08T19:04:28+00:00 ERROR Error persisting Meta logs: Impossible de créer l’instance d’API car le jeton d’accès est manquant. : []
2026-01-08T19:10:04+00:00 ERROR Error persisting Meta logs: Impossible de créer l’instance d’API car le jeton d’accès est manquant. : []
2026-01-08T19:16:34+00:00 ERROR Error persisting Meta logs: Impossible de créer l’instance d’API car le jeton d’accès est manquant. : []
2026-01-08T19:20:37+00:00 ERROR Error persisting Meta logs: Impossible de créer l’instance d’API car le jeton d’accès est manquant. : []
2026-01-08T19:26:40+00:00 ERROR Error persisting Meta logs: Impossible de créer l’instance d’API car le jeton d’accès est manquant. : []
2026-01-08T19:30:41+00:00 ERROR Error persisting Meta logs: Impossible de créer l’instance d’API car le jeton d’accès est manquant. : []
2026-01-08T19:36:44+00:00 ERROR Error persisting Meta logs: Impossible de créer l’instance d’API car le jeton d’accès est manquant. : []
2026-01-08T19:38:52+00:00 ERROR Error persisting Meta logs: Impossible de créer l’instance d’API car le jeton d’accès est manquant. : []
2026-01-08T19:44:49+00:00 ERROR Error persisting Meta logs: Impossible de créer l’instance d’API car le jeton d’accès est manquant. : []
2026-01-08T19:49:11+00:00 ERROR Error persisting Meta logs: Impossible de créer l’instance d’API car le jeton d’accès est manquant. : []
2026-01-08T19:54:53+00:00 ERROR Error persisting Meta logs: Impossible de créer l’instance d’API car le jeton d’accès est manquant. : []
2026-01-08T19:59:16+00:00 ERROR Error persisting Meta logs: Impossible de créer l’instance d’API car le jeton d’accès est manquant. : []
2026-01-08T20:04:57+00:00 ERROR Error persisting Meta logs: Impossible de créer l’instance d’API car le jeton d’accès est manquant. : []
2026-01-08T20:09:21+00:00 ERROR Error persisting Meta logs: Impossible de créer l’instance d’API car le jeton d’accès est manquant. : []
2026-01-08T20:14:11+00:00 ERROR Error persisting Meta logs: Impossible de créer l’instance d’API car le jeton d’accès est manquant. : []
2026-01-08T20:19:11+00:00 ERROR Error persisting Meta logs: Impossible de créer l’instance d’API car le jeton d’accès est manquant. : []
2026-01-08T20:23:58+00:00 ERROR Error persisting Meta logs: Impossible de créer l’instance d’API car le jeton d’accès est manquant. : []
2026-01-08T20:28:48+00:00 ERROR Error persisting Meta logs: Impossible de créer l’instance d’API car le jeton d’accès est manquant. : []
2026-01-08T20:34:42+00:00 ERROR Error persisting Meta logs: Impossible de créer l’instance d’API car le jeton d’accès est manquant. : []
2026-01-08T20:39:37+00:00 ERROR Error persisting Meta logs: Impossible de créer l’instance d’API car le jeton d’accès est manquant. : []
2026-01-08T20:44:53+00:00 ERROR Error persisting Meta logs: Impossible de créer l’instance d’API car le jeton d’accès est manquant. : []
2026-01-08T20:49:01+00:00 ERROR Error persisting Meta logs: Impossible de créer l’instance d’API car le jeton d’accès est manquant. : []
2026-01-08T20:53:51+00:00 ERROR Error persisting Meta logs: Impossible de créer l’instance d’API car le jeton d’accès est manquant. : []
2026-01-08T20:55:54+00:00 WARNING Product feed scheduling failed: Integration not configured. : {"flow_name":"product_feed","flow_step":"schedule_feed_generation"}
2026-01-08T20:55:54+00:00 WARNING Language override feed scheduling failed: Integration not configured. : {"flow_name":"language_override_feed","flow_step":"schedule_feed_generation"}
2026-01-08T20:59:54+00:00 ERROR Error persisting Meta logs: Impossible de créer l’instance d’API car le jeton d’accès est manquant. : []
2026-01-08T21:04:49+00:00 ERROR Error persisting Meta logs: Impossible de créer l’instance d’API car le jeton d’accès est manquant. : []
2026-01-08T21:11:53+00:00 ERROR Error persisting Meta logs: Impossible de créer l’instance d’API car le jeton d’accès est manquant. : []
2026-01-08T21:14:02+00:00 ERROR Error persisting Meta logs: Impossible de créer l’instance d’API car le jeton d’accès est manquant. : []
2026-01-08T21:20:05+00:00 ERROR Error persisting Meta logs: Impossible de créer l’instance d’API car le jeton d’accès est manquant. : []
2026-01-08T21:24:06+00:00 ERROR Error persisting Meta logs: Impossible de créer l’instance d’API car le jeton d’accès est manquant. : []
2026-01-08T21:30:10+00:00 ERROR Error persisting Meta logs: Impossible de créer l’instance d’API car le jeton d’accès est manquant. : []
2026-01-08T21:36:06+00:00 ERROR Error persisting Meta logs: Impossible de créer l’instance d’API car le jeton d’accès est manquant. : []
2026-01-08T21:40:12+00:00 ERROR Error persisting Meta logs: Impossible de créer l’instance d’API car le jeton d’accès est manquant. : []
2026-01-08T21:44:19+00:00 ERROR Error persisting Meta logs: Impossible de créer l’instance d’API car le jeton d’accès est manquant. : []
2026-01-08T21:50:17+00:00 ERROR Error persisting Meta logs: Impossible de créer l’instance d’API car le jeton d’accès est manquant. : []
2026-01-08T21:54:23+00:00 ERROR Error persisting Meta logs: Impossible de créer l’instance d’API car le jeton d’accès est manquant. : []
2026-01-08T21:56:21+00:00 WARNING Product feed scheduling failed: Integration not configured. : {"flow_name":"product_feed","flow_step":"schedule_feed_generation"}
2026-01-08T21:56:21+00:00 WARNING Language override feed scheduling failed: Integration not configured. : {"flow_name":"language_override_feed","flow_step":"schedule_feed_generation"}
2026-01-08T22:00:21+00:00 ERROR Error persisting Meta logs: Impossible de créer l’instance d’API car le jeton d’accès est manquant. : []
2026-01-08T22:06:23+00:00 ERROR Error persisting Meta logs: Impossible de créer l’instance d’API car le jeton d’accès est manquant. : []
2026-01-08T22:08:32+00:00 ERROR Error persisting Meta logs: Impossible de créer l’instance d’API car le jeton d’accès est manquant. : []
2026-01-08T22:14:34+00:00 ERROR Error persisting Meta logs: Impossible de créer l’instance d’API car le jeton d’accès est manquant. : []
2026-01-08T22:18:35+00:00 ERROR Error persisting Meta logs: Impossible de créer l’instance d’API car le jeton d’accès est manquant. : []
2026-01-08T22:24:38+00:00 ERROR Error persisting Meta logs: Impossible de créer l’instance d’API car le jeton d’accès est manquant. : []
2026-01-08T22:30:35+00:00 ERROR Error persisting Meta logs: Impossible de créer l’instance d’API car le jeton d’accès est manquant. : []
2026-01-08T22:34:39+00:00 ERROR Error persisting Meta logs: Impossible de créer l’instance d’API car le jeton d’accès est manquant. : []
2026-01-08T22:38:46+00:00 ERROR Error persisting Meta logs: Impossible de créer l’instance d’API car le jeton d’accès est manquant. : []
2026-01-08T22:46:42+00:00 ERROR Error persisting Meta logs: Impossible de créer l’instance d’API car le jeton d’accès est manquant. : []
2026-01-08T22:50:46+00:00 ERROR Error persisting Meta logs: Impossible de créer l’instance d’API car le jeton d’accès est manquant. : []
2026-01-08T22:54:53+00:00 ERROR Error persisting Meta logs: Impossible de créer l’instance d’API car le jeton d’accès est manquant. : []
2026-01-08T22:56:50+00:00 WARNING Product feed scheduling failed: Integration not configured. : {"flow_name":"product_feed","flow_step":"schedule_feed_generation"}
2026-01-08T22:56:50+00:00 WARNING Language override feed scheduling failed: Integration not configured. : {"flow_name":"language_override_feed","flow_step":"schedule_feed_generation"}
2026-01-08T22:56:50+00:00 ERROR Error persisting error logs: Impossible de créer l’instance d’API car le jeton d’accès est manquant. : []
2026-01-08T23:00:50+00:00 ERROR Error persisting Meta logs: Impossible de créer l’instance d’API car le jeton d’accès est manquant. : []
2026-01-08T23:06:53+00:00 ERROR Error persisting Meta logs: Impossible de créer l’instance d’API car le jeton d’accès est manquant. : []
2026-01-08T23:09:02+00:00 ERROR Error persisting Meta logs: Impossible de créer l’instance d’API car le jeton d’accès est manquant. : []
2026-01-08T23:15:05+00:00 ERROR Error persisting Meta logs: Impossible de créer l’instance d’API car le jeton d’accès est manquant. : []
2026-01-08T23:19:06+00:00 ERROR Error persisting Meta logs: Impossible de créer l’instance d’API car le jeton d’accès est manquant. : []
2026-01-08T23:25:09+00:00 ERROR Error persisting Meta logs: Impossible de créer l’instance d’API car le jeton d’accès est manquant. : []
2026-01-08T23:31:05+00:00 ERROR Error persisting Meta logs: Impossible de créer l’instance d’API car le jeton d’accès est manquant. : []
2026-01-08T23:35:06+00:00 ERROR Error persisting Meta logs: Impossible de créer l’instance d’API car le jeton d’accès est manquant. : []
2026-01-08T23:41:09+00:00 ERROR Error persisting Meta logs: Impossible de créer l’instance d’API car le jeton d’accès est manquant. : []
2026-01-08T23:45:14+00:00 ERROR Error persisting Meta logs: Impossible de créer l’instance d’API car le jeton d’accès est manquant. : []
2026-01-08T23:49:20+00:00 ERROR Error persisting Meta logs: Impossible de créer l’instance d’API car le jeton d’accès est manquant. : []
2026-01-08T23:55:17+00:00 ERROR Error persisting Meta logs: Impossible de créer l’instance d’API car le jeton d’accès est manquant. : []
