2026-01-12T08:49:25+00:00 WARNING Product feed scheduling failed: Integration not configured. : {"flow_name":"product_feed","flow_step":"schedule_feed_generation"}
2026-01-12T08:49:25+00:00 WARNING Language override feed scheduling failed: Integration not configured. : {"flow_name":"language_override_feed","flow_step":"schedule_feed_generation"}
2026-01-12T08:49:25+00:00 ERROR Error persisting error logs: Impossible de créer l’instance d’API car le jeton d’accès est manquant. : []
2026-01-12T08:58:06+00:00 NOTICE Unable to detect valid feed configuration: No catalog ID
2026-01-12T08:58:06+00:00 NOTICE There was an error trying to get product set data in a catalog: Impossible de créer l’instance d’API car le jeton d’accès est manquant.
2026-01-12T08:58:06+00:00 ERROR ProductSetSync exception: exception_code : 0; exception_class : WooCommerce\Facebook\Framework\Api\Exception: exception_message : Impossible de créer l’instance d’API car le jeton d’accès est manquant.; exception_trace : #0 C:\xampp\htdocs\ChicDressing\wp-content\plugins\facebook-for-woocommerce\includes\ProductSets\ProductSetSync.php(139): WC_Facebookcommerce->get_api()
#1 C:\xampp\htdocs\ChicDressing\wp-content\plugins\facebook-for-woocommerce\includes\ProductSets\ProductSetSync.php(226): WooCommerce\Facebook\ProductSets\ProductSetSync->get_fb_product_set_id(Object(WP_Term))
#2 C:\xampp\htdocs\ChicDressing\wp-content\plugins\facebook-for-woocommerce\includes\ProductSets\ProductSetSync.php(107): WooCommerce\Facebook\ProductSets\ProductSetSync->sync_all_wc_product_categories()
#3 C:\xampp\htdocs\ChicDressing\wp-includes\class-wp-hook.php(341): WooCommerce\Facebook\ProductSets\ProductSetSync->sync_all_product_sets()
#4 C:\xampp\htdocs\ChicDressing\wp-includes\class-wp-hook.php(365): WP_Hook->apply_filters(NULL, Array)
#5 C:\xampp\htdocs\ChicDressing\wp-includes\plugin.php(570): WP_Hook->do_action(Array)
#6 C:\xampp\htdocs\ChicDressing\wp-content\plugins\woocommerce\packages\action-scheduler\classes\actions\ActionScheduler_Action.php(86): do_action_ref_array('facebook_for_wo...', Array)
#7 C:\xampp\htdocs\ChicDressing\wp-content\plugins\woocommerce\packages\action-scheduler\classes\abstracts\ActionScheduler_Abstract_QueueRunner.php(103): ActionScheduler_Action->execute()
#8 C:\xampp\htdocs\ChicDressing\wp-content\plugins\woocommerce\packages\action-scheduler\classes\ActionScheduler_QueueRunner.php(188): ActionScheduler_Abstract_QueueRunner->process_action(6278, 'Async Request')
#9 C:\xampp\htdocs\ChicDressing\wp-content\plugins\woocommerce\packages\action-scheduler\classes\ActionScheduler_QueueRunner.php(158): ActionScheduler_QueueRunner->do_batch(25, 'Async Request')
#10 C:\xampp\htdocs\ChicDressing\wp-includes\class-wp-hook.php(341): ActionScheduler_QueueRunner->run('Async Request')
#11 C:\xampp\htdocs\ChicDressing\wp-includes\class-wp-hook.php(365): WP_Hook->apply_filters('', Array)
#12 C:\xampp\htdocs\ChicDressing\wp-includes\plugin.php(522): WP_Hook->do_action(Array)
#13 C:\xampp\htdocs\ChicDressing\wp-content\plugins\woocommerce\packages\action-scheduler\classes\ActionScheduler_AsyncRequest_QueueRunner.php(48): do_action('action_schedule...', 'Async Request')
#14 C:\xampp\htdocs\ChicDressing\wp-content\plugins\woocommerce\includes\libraries\wp-async-request.php(147): ActionScheduler_AsyncRequest_QueueRunner->handle()
#15 C:\xampp\htdocs\ChicDressing\wp-includes\class-wp-hook.php(341): WP_Async_Request->maybe_handle('')
#16 C:\xampp\htdocs\ChicDressing\wp-includes\class-wp-hook.php(365): WP_Hook->apply_filters('', Array)
#17 C:\xampp\htdocs\ChicDressing\wp-includes\plugin.php(522): WP_Hook->do_action(Array)
#18 C:\xampp\htdocs\ChicDressing\wp-admin\admin-ajax.php(207): do_action('wp_ajax_nopriv_...')
#19 {main}
2026-01-12T08:58:06+00:00 NOTICE There was an error trying to get product set data in a catalog: Impossible de créer l’instance d’API car le jeton d’accès est manquant.
2026-01-12T08:58:06+00:00 ERROR ProductSetSync exception: exception_code : 0; exception_class : WooCommerce\Facebook\Framework\Api\Exception: exception_message : Impossible de créer l’instance d’API car le jeton d’accès est manquant.; exception_trace : #0 C:\xampp\htdocs\ChicDressing\wp-content\plugins\facebook-for-woocommerce\includes\ProductSets\ProductSetSync.php(139): WC_Facebookcommerce->get_api()
#1 C:\xampp\htdocs\ChicDressing\wp-content\plugins\facebook-for-woocommerce\includes\ProductSets\ProductSetSync.php(226): WooCommerce\Facebook\ProductSets\ProductSetSync->get_fb_product_set_id(Object(WP_Term))
#2 C:\xampp\htdocs\ChicDressing\wp-content\plugins\facebook-for-woocommerce\includes\ProductSets\ProductSetSync.php(107): WooCommerce\Facebook\ProductSets\ProductSetSync->sync_all_wc_product_categories()
#3 C:\xampp\htdocs\ChicDressing\wp-includes\class-wp-hook.php(341): WooCommerce\Facebook\ProductSets\ProductSetSync->sync_all_product_sets()
#4 C:\xampp\htdocs\ChicDressing\wp-includes\class-wp-hook.php(365): WP_Hook->apply_filters(NULL, Array)
#5 C:\xampp\htdocs\ChicDressing\wp-includes\plugin.php(570): WP_Hook->do_action(Array)
#6 C:\xampp\htdocs\ChicDressing\wp-content\plugins\woocommerce\packages\action-scheduler\classes\actions\ActionScheduler_Action.php(86): do_action_ref_array('facebook_for_wo...', Array)
#7 C:\xampp\htdocs\ChicDressing\wp-content\plugins\woocommerce\packages\action-scheduler\classes\abstracts\ActionScheduler_Abstract_QueueRunner.php(103): ActionScheduler_Action->execute()
#8 C:\xampp\htdocs\ChicDressing\wp-content\plugins\woocommerce\packages\action-scheduler\classes\ActionScheduler_QueueRunner.php(188): ActionScheduler_Abstract_QueueRunner->process_action(6278, 'Async Request')
#9 C:\xampp\htdocs\ChicDressing\wp-content\plugins\woocommerce\packages\action-scheduler\classes\ActionScheduler_QueueRunner.php(158): ActionScheduler_QueueRunner->do_batch(25, 'Async Request')
#10 C:\xampp\htdocs\ChicDressing\wp-includes\class-wp-hook.php(341): ActionScheduler_QueueRunner->run('Async Request')
#11 C:\xampp\htdocs\ChicDressing\wp-includes\class-wp-hook.php(365): WP_Hook->apply_filters('', Array)
#12 C:\xampp\htdocs\ChicDressing\wp-includes\plugin.php(522): WP_Hook->do_action(Array)
#13 C:\xampp\htdocs\ChicDressing\wp-content\plugins\woocommerce\packages\action-scheduler\classes\ActionScheduler_AsyncRequest_QueueRunner.php(48): do_action('action_schedule...', 'Async Request')
#14 C:\xampp\htdocs\ChicDressing\wp-content\plugins\woocommerce\includes\libraries\wp-async-request.php(147): ActionScheduler_AsyncRequest_QueueRunner->handle()
#15 C:\xampp\htdocs\ChicDressing\wp-includes\class-wp-hook.php(341): WP_Async_Request->maybe_handle('')
#16 C:\xampp\htdocs\ChicDressing\wp-includes\class-wp-hook.php(365): WP_Hook->apply_filters('', Array)
#17 C:\xampp\htdocs\ChicDressing\wp-includes\plugin.php(522): WP_Hook->do_action(Array)
#18 C:\xampp\htdocs\ChicDressing\wp-admin\admin-ajax.php(207): do_action('wp_ajax_nopriv_...')
#19 {main}
2026-01-12T08:58:06+00:00 NOTICE There was an error trying to get product set data in a catalog: Impossible de créer l’instance d’API car le jeton d’accès est manquant.
2026-01-12T08:58:06+00:00 ERROR ProductSetSync exception: exception_code : 0; exception_class : WooCommerce\Facebook\Framework\Api\Exception: exception_message : Impossible de créer l’instance d’API car le jeton d’accès est manquant.; exception_trace : #0 C:\xampp\htdocs\ChicDressing\wp-content\plugins\facebook-for-woocommerce\includes\ProductSets\ProductSetSync.php(139): WC_Facebookcommerce->get_api()
#1 C:\xampp\htdocs\ChicDressing\wp-content\plugins\facebook-for-woocommerce\includes\ProductSets\ProductSetSync.php(226): WooCommerce\Facebook\ProductSets\ProductSetSync->get_fb_product_set_id(Object(WP_Term))
#2 C:\xampp\htdocs\ChicDressing\wp-content\plugins\facebook-for-woocommerce\includes\ProductSets\ProductSetSync.php(107): WooCommerce\Facebook\ProductSets\ProductSetSync->sync_all_wc_product_categories()
#3 C:\xampp\htdocs\ChicDressing\wp-includes\class-wp-hook.php(341): WooCommerce\Facebook\ProductSets\ProductSetSync->sync_all_product_sets()
#4 C:\xampp\htdocs\ChicDressing\wp-includes\class-wp-hook.php(365): WP_Hook->apply_filters(NULL, Array)
#5 C:\xampp\htdocs\ChicDressing\wp-includes\plugin.php(570): WP_Hook->do_action(Array)
#6 C:\xampp\htdocs\ChicDressing\wp-content\plugins\woocommerce\packages\action-scheduler\classes\actions\ActionScheduler_Action.php(86): do_action_ref_array('facebook_for_wo...', Array)
#7 C:\xampp\htdocs\ChicDressing\wp-content\plugins\woocommerce\packages\action-scheduler\classes\abstracts\ActionScheduler_Abstract_QueueRunner.php(103): ActionScheduler_Action->execute()
#8 C:\xampp\htdocs\ChicDressing\wp-content\plugins\woocommerce\packages\action-scheduler\classes\ActionScheduler_QueueRunner.php(188): ActionScheduler_Abstract_QueueRunner->process_action(6278, 'Async Request')
#9 C:\xampp\htdocs\ChicDressing\wp-content\plugins\woocommerce\packages\action-scheduler\classes\ActionScheduler_QueueRunner.php(158): ActionScheduler_QueueRunner->do_batch(25, 'Async Request')
#10 C:\xampp\htdocs\ChicDressing\wp-includes\class-wp-hook.php(341): ActionScheduler_QueueRunner->run('Async Request')
#11 C:\xampp\htdocs\ChicDressing\wp-includes\class-wp-hook.php(365): WP_Hook->apply_filters('', Array)
#12 C:\xampp\htdocs\ChicDressing\wp-includes\plugin.php(522): WP_Hook->do_action(Array)
#13 C:\xampp\htdocs\ChicDressing\wp-content\plugins\woocommerce\packages\action-scheduler\classes\ActionScheduler_AsyncRequest_QueueRunner.php(48): do_action('action_schedule...', 'Async Request')
#14 C:\xampp\htdocs\ChicDressing\wp-content\plugins\woocommerce\includes\libraries\wp-async-request.php(147): ActionScheduler_AsyncRequest_QueueRunner->handle()
#15 C:\xampp\htdocs\ChicDressing\wp-includes\class-wp-hook.php(341): WP_Async_Request->maybe_handle('')
#16 C:\xampp\htdocs\ChicDressing\wp-includes\class-wp-hook.php(365): WP_Hook->apply_filters('', Array)
#17 C:\xampp\htdocs\ChicDressing\wp-includes\plugin.php(522): WP_Hook->do_action(Array)
#18 C:\xampp\htdocs\ChicDressing\wp-admin\admin-ajax.php(207): do_action('wp_ajax_nopriv_...')
#19 {main}
2026-01-12T08:58:13+00:00 ERROR Error persisting Meta logs: Impossible de créer l’instance d’API car le jeton d’accès est manquant. : []
2026-01-12T08:59:50+00:00 ERROR Error persisting Meta logs: Impossible de créer l’instance d’API car le jeton d’accès est manquant. : []
2026-01-12T09:04:09+00:00 ERROR Error persisting Meta logs: Impossible de créer l’instance d’API car le jeton d’accès est manquant. : []
2026-01-12T09:10:04+00:00 ERROR Error persisting Meta logs: Impossible de créer l’instance d’API car le jeton d’accès est manquant. : []
2026-01-12T09:14:13+00:00 ERROR Error persisting Meta logs: Impossible de créer l’instance d’API car le jeton d’accès est manquant. : []
2026-01-12T09:23:49+00:00 ERROR Error persisting Meta logs: Impossible de créer l’instance d’API car le jeton d’accès est manquant. : []
2026-01-12T09:29:29+00:00 ERROR Error persisting Meta logs: Impossible de créer l’instance d’API car le jeton d’accès est manquant. : []
2026-01-12T09:34:57+00:00 ERROR Error persisting Meta logs: Impossible de créer l’instance d’API car le jeton d’accès est manquant. : []
2026-01-12T09:40:41+00:00 ERROR Error persisting Meta logs: Impossible de créer l’instance d’API car le jeton d’accès est manquant. : []
2026-01-12T09:44:49+00:00 ERROR Error persisting Meta logs: Impossible de créer l’instance d’API car le jeton d’accès est manquant. : []
2026-01-12T09:50:00+00:00 ERROR Error persisting Meta logs: Impossible de créer l’instance d’API car le jeton d’accès est manquant. : []
2026-01-12T09:56:04+00:00 ERROR Error persisting Meta logs: Impossible de créer l’instance d’API car le jeton d’accès est manquant. : []
2026-01-12T09:56:10+00:00 WARNING Product feed scheduling failed: Integration not configured. : {"flow_name":"product_feed","flow_step":"schedule_feed_generation"}
2026-01-12T09:56:11+00:00 WARNING Language override feed scheduling failed: Integration not configured. : {"flow_name":"language_override_feed","flow_step":"schedule_feed_generation"}
2026-01-12T09:59:21+00:00 ERROR Error persisting Meta logs: Impossible de créer l’instance d’API car le jeton d’accès est manquant. : []
2026-01-12T10:05:36+00:00 ERROR Error persisting Meta logs: Impossible de créer l’instance d’API car le jeton d’accès est manquant. : []
2026-01-12T10:08:35+00:00 ERROR Error persisting Meta logs: Impossible de créer l’instance d’API car le jeton d’accès est manquant. : []
2026-01-12T10:14:14+00:00 ERROR Error persisting Meta logs: Impossible de créer l’instance d’API car le jeton d’accès est manquant. : []
2026-01-12T10:19:33+00:00 ERROR Error persisting Meta logs: Impossible de créer l’instance d’API car le jeton d’accès est manquant. : []
2026-01-12T10:24:56+00:00 ERROR Error persisting Meta logs: Impossible de créer l’instance d’API car le jeton d’accès est manquant. : []
2026-01-12T10:30:59+00:00 ERROR Error persisting Meta logs: Impossible de créer l’instance d’API car le jeton d’accès est manquant. : []
2026-01-12T10:51:02+00:00 ERROR Error persisting Meta logs: Impossible de créer l’instance d’API car le jeton d’accès est manquant. : []
2026-01-12T10:55:16+00:00 ERROR Error persisting Meta logs: Impossible de créer l’instance d’API car le jeton d’accès est manquant. : []
2026-01-12T10:57:17+00:00 WARNING Product feed scheduling failed: Integration not configured. : {"flow_name":"product_feed","flow_step":"schedule_feed_generation"}
2026-01-12T10:57:17+00:00 WARNING Language override feed scheduling failed: Integration not configured. : {"flow_name":"language_override_feed","flow_step":"schedule_feed_generation"}
2026-01-12T11:01:16+00:00 ERROR Error persisting Meta logs: Impossible de créer l’instance d’API car le jeton d’accès est manquant. : []
2026-01-12T11:05:42+00:00 ERROR Error persisting Meta logs: Impossible de créer l’instance d’API car le jeton d’accès est manquant. : []
2026-01-12T11:08:57+00:00 ERROR Error persisting Meta logs: Impossible de créer l’instance d’API car le jeton d’accès est manquant. : []
2026-01-12T11:15:50+00:00 ERROR Error persisting Meta logs: Impossible de créer l’instance d’API car le jeton d’accès est manquant. : []
2026-01-12T11:41:39+00:00 ERROR Error persisting Meta logs: Impossible de créer l’instance d’API car le jeton d’accès est manquant. : []
2026-01-12T11:45:34+00:00 ERROR Error persisting Meta logs: Impossible de créer l’instance d’API car le jeton d’accès est manquant. : []
2026-01-12T11:49:34+00:00 ERROR Error persisting Meta logs: Impossible de créer l’instance d’API car le jeton d’accès est manquant. : []
2026-01-12T11:56:34+00:00 ERROR Error persisting Meta logs: Impossible de créer l’instance d’API car le jeton d’accès est manquant. : []
2026-01-12T11:56:35+00:00 ERROR Error persisting error logs: Impossible de créer l’instance d’API car le jeton d’accès est manquant. : []
2026-01-12T12:00:25+00:00 ERROR Error persisting Meta logs: Impossible de créer l’instance d’API car le jeton d’accès est manquant. : []
2026-01-12T12:04:35+00:00 ERROR Error persisting Meta logs: Impossible de créer l’instance d’API car le jeton d’accès est manquant. : []
2026-01-12T12:08:36+00:00 ERROR Error persisting Meta logs: Impossible de créer l’instance d’API car le jeton d’accès est manquant. : []
2026-01-12T12:40:15+00:00 ERROR Error persisting Meta logs: Impossible de créer l’instance d’API car le jeton d’accès est manquant. : []
2026-01-12T12:46:48+00:00 ERROR Error persisting Meta logs: Impossible de créer l’instance d’API car le jeton d’accès est manquant. : []
2026-01-12T12:49:44+00:00 ERROR Error persisting Meta logs: Impossible de créer l’instance d’API car le jeton d’accès est manquant. : []
2026-01-12T12:53:45+00:00 ERROR Error persisting Meta logs: Impossible de créer l’instance d’API car le jeton d’accès est manquant. : []
2026-01-12T12:55:52+00:00 WARNING Product feed scheduling failed: Integration not configured. : {"flow_name":"product_feed","flow_step":"schedule_feed_generation"}
2026-01-12T12:55:52+00:00 WARNING Language override feed scheduling failed: Integration not configured. : {"flow_name":"language_override_feed","flow_step":"schedule_feed_generation"}
2026-01-12T12:59:09+00:00 ERROR Error persisting Meta logs: Impossible de créer l’instance d’API car le jeton d’accès est manquant. : []
2026-01-12T13:05:13+00:00 ERROR Error persisting Meta logs: Impossible de créer l’instance d’API car le jeton d’accès est manquant. : []
2026-01-12T13:09:13+00:00 ERROR Error persisting Meta logs: Impossible de créer l’instance d’API car le jeton d’accès est manquant. : []
2026-01-12T13:14:37+00:00 ERROR Error persisting Meta logs: Impossible de créer l’instance d’API car le jeton d’accès est manquant. : []
2026-01-12T13:20:33+00:00 ERROR Error persisting Meta logs: Impossible de créer l’instance d’API car le jeton d’accès est manquant. : []
2026-01-12T14:06:46+00:00 ERROR Error persisting Meta logs: Impossible de créer l’instance d’API car le jeton d’accès est manquant. : []
2026-01-12T14:06:46+00:00 WARNING Product feed scheduling failed: Integration not configured. : {"flow_name":"product_feed","flow_step":"schedule_feed_generation"}
2026-01-12T14:06:46+00:00 WARNING Language override feed scheduling failed: Integration not configured. : {"flow_name":"language_override_feed","flow_step":"schedule_feed_generation"}
2026-01-12T14:10:43+00:00 ERROR Error persisting Meta logs: Impossible de créer l’instance d’API car le jeton d’accès est manquant. : []
2026-01-12T14:16:47+00:00 ERROR Error persisting Meta logs: Impossible de créer l’instance d’API car le jeton d’accès est manquant. : []
