2026-01-09T00:01:19+00:00 ERROR Error persisting Meta logs: Impossible de créer l’instance d’API car le jeton d’accès est manquant. : []
2026-01-09T00:03:32+00:00 ERROR Error persisting Meta logs: Impossible de créer l’instance d’API car le jeton d’accès est manquant. : []
2026-01-09T00:09:31+00:00 ERROR Error persisting Meta logs: Impossible de créer l’instance d’API car le jeton d’accès est manquant. : []
2026-01-09T00:13:32+00:00 ERROR Error persisting Meta logs: Impossible de créer l’instance d’API car le jeton d’accès est manquant. : []
2026-01-09T00:19:31+00:00 ERROR Error persisting Meta logs: Impossible de créer l’instance d’API car le jeton d’accès est manquant. : []
2026-01-09T00:23:33+00:00 ERROR Error persisting Meta logs: Impossible de créer l’instance d’API car le jeton d’accès est manquant. : []
2026-01-09T06:11:08+00:00 WARNING Product feed scheduling failed: Integration not configured. : {"flow_name":"product_feed","flow_step":"schedule_feed_generation"}
2026-01-09T06:11:09+00:00 WARNING Language override feed scheduling failed: Integration not configured. : {"flow_name":"language_override_feed","flow_step":"schedule_feed_generation"}
2026-01-09T06:11:09+00:00 ERROR Error persisting error logs: Impossible de créer l’instance d’API car le jeton d’accès est manquant. : []
2026-01-09T07:17:13+00:00 WARNING Product feed scheduling failed: Integration not configured. : {"flow_name":"product_feed","flow_step":"schedule_feed_generation"}
2026-01-09T07:17:14+00:00 WARNING Language override feed scheduling failed: Integration not configured. : {"flow_name":"language_override_feed","flow_step":"schedule_feed_generation"}
2026-01-09T07:19:13+00:00 ERROR Error persisting Meta logs: Impossible de créer l’instance d’API car le jeton d’accès est manquant. : []
2026-01-09T07:23:44+00:00 ERROR Error persisting Meta logs: Impossible de créer l’instance d’API car le jeton d’accès est manquant. : []
2026-01-09T07:31:40+00:00 ERROR Error persisting Meta logs: Impossible de créer l’instance d’API car le jeton d’accès est manquant. : []
2026-01-09T07:33:49+00:00 ERROR Error persisting Meta logs: Impossible de créer l’instance d’API car le jeton d’accès est manquant. : []
2026-01-09T07:38:32+00:00 ERROR Error persisting Meta logs: Impossible de créer l’instance d’API car le jeton d’accès est manquant. : []
2026-01-09T07:44:30+00:00 ERROR Error persisting Meta logs: Impossible de créer l’instance d’API car le jeton d’accès est manquant. : []
2026-01-09T07:49:11+00:00 ERROR Error persisting Meta logs: Impossible de créer l’instance d’API car le jeton d’accès est manquant. : []
2026-01-09T07:53:36+00:00 ERROR Error persisting Meta logs: Impossible de créer l’instance d’API car le jeton d’accès est manquant. : []
2026-01-09T07:59:26+00:00 ERROR Error persisting Meta logs: Impossible de créer l’instance d’API car le jeton d’accès est manquant. : []
2026-01-09T08:04:08+00:00 ERROR Error persisting Meta logs: Impossible de créer l’instance d’API car le jeton d’accès est manquant. : []
2026-01-09T08:10:10+00:00 ERROR Error persisting Meta logs: Impossible de créer l’instance d’API car le jeton d’accès est manquant. : []
2026-01-09T08:14:20+00:00 ERROR Error persisting Meta logs: Impossible de créer l’instance d’API car le jeton d’accès est manquant. : []
2026-01-09T08:20:17+00:00 ERROR Error persisting Meta logs: Impossible de créer l’instance d’API car le jeton d’accès est manquant. : []
2026-01-09T08:24:24+00:00 ERROR Error persisting Meta logs: Impossible de créer l’instance d’API car le jeton d’accès est manquant. : []
2026-01-09T08:29:07+00:00 ERROR Error persisting Meta logs: Impossible de créer l’instance d’API car le jeton d’accès est manquant. : []
2026-01-09T08:34:21+00:00 ERROR Error persisting Meta logs: Impossible de créer l’instance d’API car le jeton d’accès est manquant. : []
2026-01-09T08:39:21+00:00 ERROR Error persisting Meta logs: Impossible de créer l’instance d’API car le jeton d’accès est manquant. : []
2026-01-09T08:44:21+00:00 ERROR Error persisting Meta logs: Impossible de créer l’instance d’API car le jeton d’accès est manquant. : []
2026-01-09T08:48:36+00:00 ERROR Error persisting Meta logs: Impossible de créer l’instance d’API car le jeton d’accès est manquant. : []
2026-01-09T08:54:38+00:00 ERROR Error persisting Meta logs: Impossible de créer l’instance d’API car le jeton d’accès est manquant. : []
2026-01-09T08:56:31+00:00 WARNING Product feed scheduling failed: Integration not configured. : {"flow_name":"product_feed","flow_step":"schedule_feed_generation"}
2026-01-09T08:56:31+00:00 WARNING Language override feed scheduling failed: Integration not configured. : {"flow_name":"language_override_feed","flow_step":"schedule_feed_generation"}
2026-01-09T08:58:39+00:00 ERROR Error persisting Meta logs: Impossible de créer l’instance d’API car le jeton d’accès est manquant. : []
2026-01-09T09:05:32+00:00 ERROR Error persisting Meta logs: Impossible de créer l’instance d’API car le jeton d’accès est manquant. : []
2026-01-09T09:09:40+00:00 ERROR Error persisting Meta logs: Impossible de créer l’instance d’API car le jeton d’accès est manquant. : []
2026-01-09T09:15:50+00:00 ERROR Error persisting Meta logs: Impossible de créer l’instance d’API car le jeton d’accès est manquant. : []
2026-01-09T09:19:58+00:00 ERROR Error persisting Meta logs: Impossible de créer l’instance d’API car le jeton d’accès est manquant. : []
2026-01-09T09:24:52+00:00 ERROR Error persisting Meta logs: Impossible de créer l’instance d’API car le jeton d’accès est manquant. : []
2026-01-09T09:28:52+00:00 ERROR Error persisting Meta logs: Impossible de créer l’instance d’API car le jeton d’accès est manquant. : []
2026-01-09T09:33:35+00:00 ERROR Error persisting Meta logs: Impossible de créer l’instance d’API car le jeton d’accès est manquant. : []
2026-01-09T09:39:53+00:00 ERROR Error persisting Meta logs: Impossible de créer l’instance d’API car le jeton d’accès est manquant. : []
2026-01-09T09:45:29+00:00 ERROR Error persisting Meta logs: Impossible de créer l’instance d’API car le jeton d’accès est manquant. : []
2026-01-09T10:59:43+00:00 WARNING Product feed scheduling failed: Integration not configured. : {"flow_name":"product_feed","flow_step":"schedule_feed_generation"}
2026-01-09T10:59:43+00:00 WARNING Language override feed scheduling failed: Integration not configured. : {"flow_name":"language_override_feed","flow_step":"schedule_feed_generation"}
2026-01-09T10:59:43+00:00 ERROR Error persisting error logs: Impossible de créer l’instance d’API car le jeton d’accès est manquant. : []
2026-01-09T11:06:38+00:00 ERROR Error persisting Meta logs: Impossible de créer l’instance d’API car le jeton d’accès est manquant. : []
2026-01-09T11:26:34+00:00 ERROR Error persisting Meta logs: Impossible de créer l’instance d’API car le jeton d’accès est manquant. : []
2026-01-09T11:26:41+00:00 ERROR Error persisting Meta logs: Impossible de créer l’instance d’API car le jeton d’accès est manquant. : []
2026-01-09T11:27:13+00:00 DEBUG User visited the Facebook for WooCommerce settingsshopstab : {"flow_name":"settings","flow_step":"shops_tab_rendered"}
2026-01-09T11:29:25+00:00 ERROR Error persisting Meta logs: Impossible de créer l’instance d’API car le jeton d’accès est manquant. : []
2026-01-09T11:33:55+00:00 ERROR Error persisting Meta logs: Impossible de créer l’instance d’API car le jeton d’accès est manquant. : []
2026-01-09T11:41:57+00:00 ERROR Error persisting Meta logs: Impossible de créer l’instance d’API car le jeton d’accès est manquant. : []
2026-01-09T11:51:07+00:00 ERROR Error persisting Meta logs: Impossible de créer l’instance d’API car le jeton d’accès est manquant. : []
2026-01-09T11:51:14+00:00 ERROR Error persisting Meta logs: Impossible de créer l’instance d’API car le jeton d’accès est manquant. : []
2026-01-09T11:55:06+00:00 ERROR Error persisting Meta logs: Impossible de créer l’instance d’API car le jeton d’accès est manquant. : []
2026-01-09T12:00:02+00:00 ERROR Error persisting Meta logs: Impossible de créer l’instance d’API car le jeton d’accès est manquant. : []
2026-01-09T12:05:55+00:00 ERROR Error persisting Meta logs: Impossible de créer l’instance d’API car le jeton d’accès est manquant. : []
2026-01-09T12:10:03+00:00 ERROR Error persisting Meta logs: Impossible de créer l’instance d’API car le jeton d’accès est manquant. : []
2026-01-09T12:38:14+00:00 ERROR Error persisting Meta logs: Impossible de créer l’instance d’API car le jeton d’accès est manquant. : []
2026-01-09T12:39:15+00:00 ERROR Error persisting Meta logs: Impossible de créer l’instance d’API car le jeton d’accès est manquant. : []
2026-01-09T12:46:15+00:00 ERROR Error persisting Meta logs: Impossible de créer l’instance d’API car le jeton d’accès est manquant. : []
2026-01-09T12:52:01+00:00 ERROR Error persisting Meta logs: Impossible de créer l’instance d’API car le jeton d’accès est manquant. : []
2026-01-09T12:55:06+00:00 ERROR Error persisting Meta logs: Impossible de créer l’instance d’API car le jeton d’accès est manquant. : []
2026-01-09T12:55:13+00:00 WARNING Product feed scheduling failed: Integration not configured. : {"flow_name":"product_feed","flow_step":"schedule_feed_generation"}
2026-01-09T12:55:13+00:00 WARNING Language override feed scheduling failed: Integration not configured. : {"flow_name":"language_override_feed","flow_step":"schedule_feed_generation"}
2026-01-09T13:01:03+00:00 ERROR Error persisting Meta logs: Impossible de créer l’instance d’API car le jeton d’accès est manquant. : []
2026-01-09T13:05:05+00:00 ERROR Error persisting Meta logs: Impossible de créer l’instance d’API car le jeton d’accès est manquant. : []
2026-01-09T13:48:23+00:00 ERROR Error persisting Meta logs: Impossible de créer l’instance d’API car le jeton d’accès est manquant. : []
2026-01-09T13:48:29+00:00 ERROR Error persisting Meta logs: Impossible de créer l’instance d’API car le jeton d’accès est manquant. : []
2026-01-09T13:53:34+00:00 ERROR Error persisting Meta logs: Impossible de créer l’instance d’API car le jeton d’accès est manquant. : []
2026-01-09T13:57:12+00:00 WARNING Product feed scheduling failed: Integration not configured. : {"flow_name":"product_feed","flow_step":"schedule_feed_generation"}
2026-01-09T13:57:12+00:00 WARNING Language override feed scheduling failed: Integration not configured. : {"flow_name":"language_override_feed","flow_step":"schedule_feed_generation"}
2026-01-09T13:59:21+00:00 ERROR Error persisting Meta logs: Impossible de créer l’instance d’API car le jeton d’accès est manquant. : []
2026-01-09T14:04:17+00:00 ERROR Error persisting Meta logs: Impossible de créer l’instance d’API car le jeton d’accès est manquant. : []
2026-01-09T14:10:20+00:00 ERROR Error persisting Meta logs: Impossible de créer l’instance d’API car le jeton d’accès est manquant. : []
2026-01-09T14:15:07+00:00 ERROR Error persisting Meta logs: Impossible de créer l’instance d’API car le jeton d’accès est manquant. : []
2026-01-09T14:21:07+00:00 ERROR Error persisting Meta logs: Impossible de créer l’instance d’API car le jeton d’accès est manquant. : []
2026-01-09T14:54:02+00:00 ERROR Error persisting Meta logs: Impossible de créer l’instance d’API car le jeton d’accès est manquant. : []
2026-01-09T14:57:01+00:00 ERROR Error persisting error logs: Impossible de créer l’instance d’API car le jeton d’accès est manquant. : []
2026-01-09T14:59:10+00:00 ERROR Error persisting Meta logs: Impossible de créer l’instance d’API car le jeton d’accès est manquant. : []
2026-01-09T15:08:05+00:00 ERROR Error persisting Meta logs: Impossible de créer l’instance d’API car le jeton d’accès est manquant. : []
2026-01-09T15:09:06+00:00 ERROR Error persisting Meta logs: Impossible de créer l’instance d’API car le jeton d’accès est manquant. : []
2026-01-09T15:14:24+00:00 ERROR Error persisting Meta logs: Impossible de créer l’instance d’API car le jeton d’accès est manquant. : []
2026-01-09T15:20:21+00:00 ERROR Error persisting Meta logs: Impossible de créer l’instance d’API car le jeton d’accès est manquant. : []
2026-01-09T15:33:24+00:00 ERROR Error persisting Meta logs: Impossible de créer l’instance d’API car le jeton d’accès est manquant. : []
2026-01-09T15:34:12+00:00 ERROR Error persisting Meta logs: Impossible de créer l’instance d’API car le jeton d’accès est manquant. : []
