2026-01-15T07:52:47+00:00 WARNING Product feed scheduling failed: Integration not configured. : {"flow_name":"product_feed","flow_step":"schedule_feed_generation"}
2026-01-15T07:52:47+00:00 WARNING Language override feed scheduling failed: Integration not configured. : {"flow_name":"language_override_feed","flow_step":"schedule_feed_generation"}
2026-01-15T07:52:47+00:00 ERROR Error persisting error logs: Impossible de créer l’instance d’API car le jeton d’accès est manquant. : []
2026-01-15T07:53:50+00:00 ERROR Error persisting Meta logs: Impossible de créer l’instance d’API car le jeton d’accès est manquant. : []
2026-01-15T07:58:45+00:00 ERROR Error persisting Meta logs: Impossible de créer l’instance d’API car le jeton d’accès est manquant. : []
2026-01-15T08:04:23+00:00 ERROR Error persisting Meta logs: Impossible de créer l’instance d’API car le jeton d’accès est manquant. : []
2026-01-15T08:09:09+00:00 ERROR Error persisting Meta logs: Impossible de créer l’instance d’API car le jeton d’accès est manquant. : []
2026-01-15T08:14:15+00:00 ERROR Error persisting Meta logs: Impossible de créer l’instance d’API car le jeton d’accès est manquant. : []
2026-01-15T08:18:34+00:00 ERROR Error persisting Meta logs: Impossible de créer l’instance d’API car le jeton d’accès est manquant. : []
2026-01-15T08:24:37+00:00 ERROR Error persisting Meta logs: Impossible de créer l’instance d’API car le jeton d’accès est manquant. : []
2026-01-15T08:29:10+00:00 ERROR Error persisting Meta logs: Impossible de créer l’instance d’API car le jeton d’accès est manquant. : []
2026-01-15T08:33:42+00:00 ERROR Error persisting Meta logs: Impossible de créer l’instance d’API car le jeton d’accès est manquant. : []
2026-01-15T08:40:29+00:00 ERROR Error persisting Meta logs: Impossible de créer l’instance d’API car le jeton d’accès est manquant. : []
2026-01-15T08:44:37+00:00 ERROR Error persisting Meta logs: Impossible de créer l’instance d’API car le jeton d’accès est manquant. : []
2026-01-15T08:55:00+00:00 ERROR Error persisting Meta logs: Impossible de créer l’instance d’API car le jeton d’accès est manquant. : []
2026-01-15T08:55:03+00:00 ERROR Error persisting Meta logs: Impossible de créer l’instance d’API car le jeton d’accès est manquant. : []
2026-01-15T08:55:10+00:00 WARNING Product feed scheduling failed: Integration not configured. : {"flow_name":"product_feed","flow_step":"schedule_feed_generation"}
2026-01-15T08:55:10+00:00 WARNING Language override feed scheduling failed: Integration not configured. : {"flow_name":"language_override_feed","flow_step":"schedule_feed_generation"}
2026-01-15T08:59:33+00:00 ERROR Error persisting Meta logs: Impossible de créer l’instance d’API car le jeton d’accès est manquant. : []
2026-01-15T09:04:40+00:00 ERROR Error persisting Meta logs: Impossible de créer l’instance d’API car le jeton d’accès est manquant. : []
2026-01-15T09:10:34+00:00 ERROR Error persisting Meta logs: Impossible de créer l’instance d’API car le jeton d’accès est manquant. : []
2026-01-15T09:14:43+00:00 ERROR Error persisting Meta logs: Impossible de créer l’instance d’API car le jeton d’accès est manquant. : []
2026-01-15T09:18:52+00:00 ERROR Error persisting Meta logs: Impossible de créer l’instance d’API car le jeton d’accès est manquant. : []
2026-01-15T09:24:22+00:00 ERROR Error persisting Meta logs: Impossible de créer l’instance d’API car le jeton d’accès est manquant. : []
2026-01-15T09:29:50+00:00 ERROR Error persisting Meta logs: Impossible de créer l’instance d’API car le jeton d’accès est manquant. : []
2026-01-15T09:34:03+00:00 ERROR Error persisting Meta logs: Impossible de créer l’instance d’API car le jeton d’accès est manquant. : []
2026-01-15T09:39:59+00:00 ERROR Error persisting Meta logs: Impossible de créer l’instance d’API car le jeton d’accès est manquant. : []
2026-01-15T09:43:40+00:00 ERROR Error persisting Meta logs: Impossible de créer l’instance d’API car le jeton d’accès est manquant. : []
2026-01-15T09:49:42+00:00 ERROR Error persisting Meta logs: Impossible de créer l’instance d’API car le jeton d’accès est manquant. : []
2026-01-15T09:55:00+00:00 ERROR Error persisting Meta logs: Impossible de créer l’instance d’API car le jeton d’accès est manquant. : []
2026-01-15T09:59:20+00:00 ERROR Error persisting Meta logs: Impossible de créer l’instance d’API car le jeton d’accès est manquant. : []
2026-01-15T10:04:31+00:00 ERROR Error persisting Meta logs: Impossible de créer l’instance d’API car le jeton d’accès est manquant. : []
2026-01-15T10:08:53+00:00 ERROR Error persisting Meta logs: Impossible de créer l’instance d’API car le jeton d’accès est manquant. : []
2026-01-15T10:14:22+00:00 ERROR Error persisting Meta logs: Impossible de créer l’instance d’API car le jeton d’accès est manquant. : []
2026-01-15T10:19:11+00:00 ERROR Error persisting Meta logs: Impossible de créer l’instance d’API car le jeton d’accès est manquant. : []
2026-01-15T10:23:48+00:00 ERROR Error persisting Meta logs: Impossible de créer l’instance d’API car le jeton d’accès est manquant. : []
2026-01-15T10:29:31+00:00 ERROR Error persisting Meta logs: Impossible de créer l’instance d’API car le jeton d’accès est manquant. : []
2026-01-15T10:34:30+00:00 ERROR Error persisting Meta logs: Impossible de créer l’instance d’API car le jeton d’accès est manquant. : []
2026-01-15T10:34:30+00:00 ERROR Error persisting Meta logs: Impossible de créer l’instance d’API car le jeton d’accès est manquant. : []
2026-01-15T10:39:02+00:00 ERROR Error persisting Meta logs: Impossible de créer l’instance d’API car le jeton d’accès est manquant. : []
2026-01-15T10:43:48+00:00 ERROR Error persisting Meta logs: Impossible de créer l’instance d’API car le jeton d’accès est manquant. : []
2026-01-15T10:49:23+00:00 ERROR Error persisting Meta logs: Impossible de créer l’instance d’API car le jeton d’accès est manquant. : []
2026-01-15T10:54:23+00:00 ERROR Error persisting Meta logs: Impossible de créer l’instance d’API car le jeton d’accès est manquant. : []
2026-01-15T10:55:27+00:00 WARNING Product feed scheduling failed: Integration not configured. : {"flow_name":"product_feed","flow_step":"schedule_feed_generation"}
2026-01-15T10:55:27+00:00 WARNING Language override feed scheduling failed: Integration not configured. : {"flow_name":"language_override_feed","flow_step":"schedule_feed_generation"}
2026-01-15T10:55:27+00:00 ERROR Error persisting error logs: Impossible de créer l’instance d’API car le jeton d’accès est manquant. : []
2026-01-15T10:59:23+00:00 ERROR Error persisting Meta logs: Impossible de créer l’instance d’API car le jeton d’accès est manquant. : []
2026-01-15T11:03:26+00:00 ERROR Error persisting Meta logs: Impossible de créer l’instance d’API car le jeton d’accès est manquant. : []
2026-01-15T11:03:33+00:00 ERROR Error persisting Meta logs: Impossible de créer l’instance d’API car le jeton d’accès est manquant. : []
2026-01-15T11:09:25+00:00 ERROR Error persisting Meta logs: Impossible de créer l’instance d’API car le jeton d’accès est manquant. : []
2026-01-15T11:14:23+00:00 ERROR Error persisting Meta logs: Impossible de créer l’instance d’API car le jeton d’accès est manquant. : []
2026-01-15T11:19:23+00:00 ERROR Error persisting Meta logs: Impossible de créer l’instance d’API car le jeton d’accès est manquant. : []
2026-01-15T11:24:23+00:00 ERROR Error persisting Meta logs: Impossible de créer l’instance d’API car le jeton d’accès est manquant. : []
2026-01-15T11:28:47+00:00 ERROR Error persisting Meta logs: Impossible de créer l’instance d’API car le jeton d’accès est manquant. : []
2026-01-15T11:34:44+00:00 ERROR Error persisting Meta logs: Impossible de créer l’instance d’API car le jeton d’accès est manquant. : []
2026-01-15T11:41:34+00:00 ERROR Error persisting Meta logs: Impossible de créer l’instance d’API car le jeton d’accès est manquant. : []
2026-01-15T11:55:19+00:00 ERROR Error persisting Meta logs: Impossible de créer l’instance d’API car le jeton d’accès est manquant. : []
2026-01-15T11:59:18+00:00 ERROR Error persisting Meta logs: Impossible de créer l’instance d’API car le jeton d’accès est manquant. : []
2026-01-15T12:06:17+00:00 ERROR Error persisting Meta logs: Impossible de créer l’instance d’API car le jeton d’accès est manquant. : []
2026-01-15T12:10:18+00:00 ERROR Error persisting Meta logs: Impossible de créer l’instance d’API car le jeton d’accès est manquant. : []
2026-01-15T12:23:47+00:00 ERROR Error persisting Meta logs: Impossible de créer l’instance d’API car le jeton d’accès est manquant. : []
2026-01-15T12:29:54+00:00 ERROR Error persisting Meta logs: Impossible de créer l’instance d’API car le jeton d’accès est manquant. : []
2026-01-15T12:34:54+00:00 ERROR Error persisting Meta logs: Impossible de créer l’instance d’API car le jeton d’accès est manquant. : []
2026-01-15T12:40:58+00:00 ERROR Error persisting Meta logs: Impossible de créer l’instance d’API car le jeton d’accès est manquant. : []
2026-01-15T12:45:05+00:00 ERROR Error persisting Meta logs: Impossible de créer l’instance d’API car le jeton d’accès est manquant. : []
2026-01-15T13:13:29+00:00 ERROR Error persisting Meta logs: Impossible de créer l’instance d’API car le jeton d’accès est manquant. : []
2026-01-15T13:13:29+00:00 NOTICE Unable to detect valid feed configuration: No catalog ID
2026-01-15T13:13:29+00:00 NOTICE There was an error trying to get product set data in a catalog: Impossible de créer l’instance d’API car le jeton d’accès est manquant.
2026-01-15T13:13:29+00:00 ERROR ProductSetSync exception: exception_code : 0; exception_class : WooCommerce\Facebook\Framework\Api\Exception: exception_message : Impossible de créer l’instance d’API car le jeton d’accès est manquant.; exception_trace : #0 C:\xampp\htdocs\ChicDressing\wp-content\plugins\facebook-for-woocommerce\includes\ProductSets\ProductSetSync.php(139): WC_Facebookcommerce->get_api()
#1 C:\xampp\htdocs\ChicDressing\wp-content\plugins\facebook-for-woocommerce\includes\ProductSets\ProductSetSync.php(226): WooCommerce\Facebook\ProductSets\ProductSetSync->get_fb_product_set_id(Object(WP_Term))
#2 C:\xampp\htdocs\ChicDressing\wp-content\plugins\facebook-for-woocommerce\includes\ProductSets\ProductSetSync.php(107): WooCommerce\Facebook\ProductSets\ProductSetSync->sync_all_wc_product_categories()
#3 C:\xampp\htdocs\ChicDressing\wp-includes\class-wp-hook.php(341): WooCommerce\Facebook\ProductSets\ProductSetSync->sync_all_product_sets()
#4 C:\xampp\htdocs\ChicDressing\wp-includes\class-wp-hook.php(365): WP_Hook->apply_filters(NULL, Array)
#5 C:\xampp\htdocs\ChicDressing\wp-includes\plugin.php(570): WP_Hook->do_action(Array)
#6 C:\xampp\htdocs\ChicDressing\wp-content\plugins\woocommerce\packages\action-scheduler\classes\actions\ActionScheduler_Action.php(86): do_action_ref_array('facebook_for_wo...', Array)
#7 C:\xampp\htdocs\ChicDressing\wp-content\plugins\woocommerce\packages\action-scheduler\classes\abstracts\ActionScheduler_Abstract_QueueRunner.php(103): ActionScheduler_Action->execute()
#8 C:\xampp\htdocs\ChicDressing\wp-content\plugins\woocommerce\packages\action-scheduler\classes\ActionScheduler_QueueRunner.php(188): ActionScheduler_Abstract_QueueRunner->process_action(7368, 'WP Cron')
#9 C:\xampp\htdocs\ChicDressing\wp-content\plugins\woocommerce\packages\action-scheduler\classes\ActionScheduler_QueueRunner.php(158): ActionScheduler_QueueRunner->do_batch(25, 'WP Cron')
#10 C:\xampp\htdocs\ChicDressing\wp-content\plugins\mailpoet\lib\Cron\ActionScheduler\RemoteExecutorHandler.php(50): ActionScheduler_QueueRunner->run()
#11 C:\xampp\htdocs\ChicDressing\wp-includes\class-wp-hook.php(341): MailPoet\Cron\ActionScheduler\RemoteExecutorHandler->runActionScheduler('')
#12 C:\xampp\htdocs\ChicDressing\wp-includes\class-wp-hook.php(365): WP_Hook->apply_filters('', Array)
#13 C:\xampp\htdocs\ChicDressing\wp-includes\plugin.php(522): WP_Hook->do_action(Array)
#14 C:\xampp\htdocs\ChicDressing\wp-admin\admin-ajax.php(207): do_action('wp_ajax_nopriv_...')
#15 {main}
2026-01-15T13:13:29+00:00 NOTICE There was an error trying to get product set data in a catalog: Impossible de créer l’instance d’API car le jeton d’accès est manquant.
2026-01-15T13:13:29+00:00 ERROR ProductSetSync exception: exception_code : 0; exception_class : WooCommerce\Facebook\Framework\Api\Exception: exception_message : Impossible de créer l’instance d’API car le jeton d’accès est manquant.; exception_trace : #0 C:\xampp\htdocs\ChicDressing\wp-content\plugins\facebook-for-woocommerce\includes\ProductSets\ProductSetSync.php(139): WC_Facebookcommerce->get_api()
#1 C:\xampp\htdocs\ChicDressing\wp-content\plugins\facebook-for-woocommerce\includes\ProductSets\ProductSetSync.php(226): WooCommerce\Facebook\ProductSets\ProductSetSync->get_fb_product_set_id(Object(WP_Term))
#2 C:\xampp\htdocs\ChicDressing\wp-content\plugins\facebook-for-woocommerce\includes\ProductSets\ProductSetSync.php(107): WooCommerce\Facebook\ProductSets\ProductSetSync->sync_all_wc_product_categories()
#3 C:\xampp\htdocs\ChicDressing\wp-includes\class-wp-hook.php(341): WooCommerce\Facebook\ProductSets\ProductSetSync->sync_all_product_sets()
#4 C:\xampp\htdocs\ChicDressing\wp-includes\class-wp-hook.php(365): WP_Hook->apply_filters(NULL, Array)
#5 C:\xampp\htdocs\ChicDressing\wp-includes\plugin.php(570): WP_Hook->do_action(Array)
#6 C:\xampp\htdocs\ChicDressing\wp-content\plugins\woocommerce\packages\action-scheduler\classes\actions\ActionScheduler_Action.php(86): do_action_ref_array('facebook_for_wo...', Array)
#7 C:\xampp\htdocs\ChicDressing\wp-content\plugins\woocommerce\packages\action-scheduler\classes\abstracts\ActionScheduler_Abstract_QueueRunner.php(103): ActionScheduler_Action->execute()
#8 C:\xampp\htdocs\ChicDressing\wp-content\plugins\woocommerce\packages\action-scheduler\classes\ActionScheduler_QueueRunner.php(188): ActionScheduler_Abstract_QueueRunner->process_action(7368, 'WP Cron')
#9 C:\xampp\htdocs\ChicDressing\wp-content\plugins\woocommerce\packages\action-scheduler\classes\ActionScheduler_QueueRunner.php(158): ActionScheduler_QueueRunner->do_batch(25, 'WP Cron')
#10 C:\xampp\htdocs\ChicDressing\wp-content\plugins\mailpoet\lib\Cron\ActionScheduler\RemoteExecutorHandler.php(50): ActionScheduler_QueueRunner->run()
#11 C:\xampp\htdocs\ChicDressing\wp-includes\class-wp-hook.php(341): MailPoet\Cron\ActionScheduler\RemoteExecutorHandler->runActionScheduler('')
#12 C:\xampp\htdocs\ChicDressing\wp-includes\class-wp-hook.php(365): WP_Hook->apply_filters('', Array)
#13 C:\xampp\htdocs\ChicDressing\wp-includes\plugin.php(522): WP_Hook->do_action(Array)
#14 C:\xampp\htdocs\ChicDressing\wp-admin\admin-ajax.php(207): do_action('wp_ajax_nopriv_...')
#15 {main}
2026-01-15T13:13:29+00:00 NOTICE There was an error trying to get product set data in a catalog: Impossible de créer l’instance d’API car le jeton d’accès est manquant.
2026-01-15T13:13:29+00:00 ERROR ProductSetSync exception: exception_code : 0; exception_class : WooCommerce\Facebook\Framework\Api\Exception: exception_message : Impossible de créer l’instance d’API car le jeton d’accès est manquant.; exception_trace : #0 C:\xampp\htdocs\ChicDressing\wp-content\plugins\facebook-for-woocommerce\includes\ProductSets\ProductSetSync.php(139): WC_Facebookcommerce->get_api()
#1 C:\xampp\htdocs\ChicDressing\wp-content\plugins\facebook-for-woocommerce\includes\ProductSets\ProductSetSync.php(226): WooCommerce\Facebook\ProductSets\ProductSetSync->get_fb_product_set_id(Object(WP_Term))
#2 C:\xampp\htdocs\ChicDressing\wp-content\plugins\facebook-for-woocommerce\includes\ProductSets\ProductSetSync.php(107): WooCommerce\Facebook\ProductSets\ProductSetSync->sync_all_wc_product_categories()
#3 C:\xampp\htdocs\ChicDressing\wp-includes\class-wp-hook.php(341): WooCommerce\Facebook\ProductSets\ProductSetSync->sync_all_product_sets()
#4 C:\xampp\htdocs\ChicDressing\wp-includes\class-wp-hook.php(365): WP_Hook->apply_filters(NULL, Array)
#5 C:\xampp\htdocs\ChicDressing\wp-includes\plugin.php(570): WP_Hook->do_action(Array)
#6 C:\xampp\htdocs\ChicDressing\wp-content\plugins\woocommerce\packages\action-scheduler\classes\actions\ActionScheduler_Action.php(86): do_action_ref_array('facebook_for_wo...', Array)
#7 C:\xampp\htdocs\ChicDressing\wp-content\plugins\woocommerce\packages\action-scheduler\classes\abstracts\ActionScheduler_Abstract_QueueRunner.php(103): ActionScheduler_Action->execute()
#8 C:\xampp\htdocs\ChicDressing\wp-content\plugins\woocommerce\packages\action-scheduler\classes\ActionScheduler_QueueRunner.php(188): ActionScheduler_Abstract_QueueRunner->process_action(7368, 'WP Cron')
#9 C:\xampp\htdocs\ChicDressing\wp-content\plugins\woocommerce\packages\action-scheduler\classes\ActionScheduler_QueueRunner.php(158): ActionScheduler_QueueRunner->do_batch(25, 'WP Cron')
#10 C:\xampp\htdocs\ChicDressing\wp-content\plugins\mailpoet\lib\Cron\ActionScheduler\RemoteExecutorHandler.php(50): ActionScheduler_QueueRunner->run()
#11 C:\xampp\htdocs\ChicDressing\wp-includes\class-wp-hook.php(341): MailPoet\Cron\ActionScheduler\RemoteExecutorHandler->runActionScheduler('')
#12 C:\xampp\htdocs\ChicDressing\wp-includes\class-wp-hook.php(365): WP_Hook->apply_filters('', Array)
#13 C:\xampp\htdocs\ChicDressing\wp-includes\plugin.php(522): WP_Hook->do_action(Array)
#14 C:\xampp\htdocs\ChicDressing\wp-admin\admin-ajax.php(207): do_action('wp_ajax_nopriv_...')
#15 {main}
2026-01-15T13:13:29+00:00 WARNING Product feed scheduling failed: Integration not configured. : {"flow_name":"product_feed","flow_step":"schedule_feed_generation"}
2026-01-15T13:13:29+00:00 WARNING Language override feed scheduling failed: Integration not configured. : {"flow_name":"language_override_feed","flow_step":"schedule_feed_generation"}
2026-01-15T13:19:49+00:00 ERROR Error persisting Meta logs: Impossible de créer l’instance d’API car le jeton d’accès est manquant. : []
2026-01-15T13:23:46+00:00 ERROR Error persisting Meta logs: Impossible de créer l’instance d’API car le jeton d’accès est manquant. : []
2026-01-15T13:29:01+00:00 ERROR Error persisting Meta logs: Impossible de créer l’instance d’API car le jeton d’accès est manquant. : []
2026-01-15T15:43:44+00:00 WARNING Product feed scheduling failed: Integration not configured. : {"flow_name":"product_feed","flow_step":"schedule_feed_generation"}
2026-01-15T15:43:44+00:00 WARNING Language override feed scheduling failed: Integration not configured. : {"flow_name":"language_override_feed","flow_step":"schedule_feed_generation"}
2026-01-15T15:43:44+00:00 ERROR Error persisting error logs: Impossible de créer l’instance d’API car le jeton d’accès est manquant. : []
2026-01-15T15:51:55+00:00 ERROR Error persisting Meta logs: Impossible de créer l’instance d’API car le jeton d’accès est manquant. : []
2026-01-15T15:53:59+00:00 ERROR Error persisting Meta logs: Impossible de créer l’instance d’API car le jeton d’accès est manquant. : []
2026-01-15T15:58:49+00:00 ERROR Error persisting Meta logs: Impossible de créer l’instance d’API car le jeton d’accès est manquant. : []
2026-01-15T16:04:52+00:00 ERROR Error persisting Meta logs: Impossible de créer l’instance d’API car le jeton d’accès est manquant. : []
2026-01-15T16:08:55+00:00 ERROR Error persisting Meta logs: Impossible de créer l’instance d’API car le jeton d’accès est manquant. : []
2026-01-15T16:14:58+00:00 ERROR Error persisting Meta logs: Impossible de créer l’instance d’API car le jeton d’accès est manquant. : []
2026-01-15T16:18:52+00:00 ERROR Error persisting Meta logs: Impossible de créer l’instance d’API car le jeton d’accès est manquant. : []
2026-01-15T16:24:14+00:00 ERROR Error persisting Meta logs: Impossible de créer l’instance d’API car le jeton d’accès est manquant. : []
2026-01-15T16:29:22+00:00 ERROR Error persisting Meta logs: Impossible de créer l’instance d’API car le jeton d’accès est manquant. : []
2026-01-15T16:34:08+00:00 ERROR Error persisting Meta logs: Impossible de créer l’instance d’API car le jeton d’accès est manquant. : []
2026-01-15T16:39:09+00:00 ERROR Error persisting Meta logs: Impossible de créer l’instance d’API car le jeton d’accès est manquant. : []
2026-01-15T16:43:53+00:00 ERROR Error persisting Meta logs: Impossible de créer l’instance d’API car le jeton d’accès est manquant. : []
2026-01-15T16:49:21+00:00 ERROR Error persisting Meta logs: Impossible de créer l’instance d’API car le jeton d’accès est manquant. : []
2026-01-15T16:54:22+00:00 ERROR Error persisting Meta logs: Impossible de créer l’instance d’API car le jeton d’accès est manquant. : []
2026-01-15T16:55:08+00:00 WARNING Product feed scheduling failed: Integration not configured. : {"flow_name":"product_feed","flow_step":"schedule_feed_generation"}
2026-01-15T16:55:08+00:00 WARNING Language override feed scheduling failed: Integration not configured. : {"flow_name":"language_override_feed","flow_step":"schedule_feed_generation"}
2026-01-15T16:59:13+00:00 ERROR Error persisting Meta logs: Impossible de créer l’instance d’API car le jeton d’accès est manquant. : []
2026-01-15T17:04:45+00:00 ERROR Error persisting Meta logs: Impossible de créer l’instance d’API car le jeton d’accès est manquant. : []
2026-01-15T17:09:17+00:00 ERROR Error persisting Meta logs: Impossible de créer l’instance d’API car le jeton d’accès est manquant. : []
2026-01-15T17:14:43+00:00 ERROR Error persisting Meta logs: Impossible de créer l’instance d’API car le jeton d’accès est manquant. : []
2026-01-15T17:20:17+00:00 ERROR Error persisting Meta logs: Impossible de créer l’instance d’API car le jeton d’accès est manquant. : []
2026-01-15T17:24:53+00:00 ERROR Error persisting Meta logs: Impossible de créer l’instance d’API car le jeton d’accès est manquant. : []
2026-01-15T17:29:03+00:00 ERROR Error persisting Meta logs: Impossible de créer l’instance d’API car le jeton d’accès est manquant. : []
2026-01-15T17:35:31+00:00 ERROR Error persisting Meta logs: Impossible de créer l’instance d’API car le jeton d’accès est manquant. : []
2026-01-15T17:39:39+00:00 ERROR Error persisting Meta logs: Impossible de créer l’instance d’API car le jeton d’accès est manquant. : []
2026-01-15T17:45:35+00:00 ERROR Error persisting Meta logs: Impossible de créer l’instance d’API car le jeton d’accès est manquant. : []
2026-01-15T17:49:19+00:00 ERROR Error persisting Meta logs: Impossible de créer l’instance d’API car le jeton d’accès est manquant. : []
2026-01-15T17:53:47+00:00 ERROR Error persisting Meta logs: Impossible de créer l’instance d’API car le jeton d’accès est manquant. : []
2026-01-15T17:56:21+00:00 WARNING Product feed scheduling failed: Integration not configured. : {"flow_name":"product_feed","flow_step":"schedule_feed_generation"}
2026-01-15T17:56:21+00:00 WARNING Language override feed scheduling failed: Integration not configured. : {"flow_name":"language_override_feed","flow_step":"schedule_feed_generation"}
2026-01-15T17:59:43+00:00 ERROR Error persisting Meta logs: Impossible de créer l’instance d’API car le jeton d’accès est manquant. : []
2026-01-15T18:05:15+00:00 ERROR Error persisting Meta logs: Impossible de créer l’instance d’API car le jeton d’accès est manquant. : []
2026-01-15T18:09:47+00:00 ERROR Error persisting Meta logs: Impossible de créer l’instance d’API car le jeton d’accès est manquant. : []
2026-01-15T18:13:56+00:00 ERROR Error persisting Meta logs: Impossible de créer l’instance d’API car le jeton d’accès est manquant. : []
2026-01-15T18:40:59+00:00 ERROR Error persisting Meta logs: Impossible de créer l’instance d’API car le jeton d’accès est manquant. : []
2026-01-15T18:45:06+00:00 ERROR Error persisting Meta logs: Impossible de créer l’instance d’API car le jeton d’accès est manquant. : []
2026-01-15T18:50:01+00:00 ERROR Error persisting Meta logs: Impossible de créer l’instance d’API car le jeton d’accès est manquant. : []
2026-01-15T18:56:04+00:00 ERROR Error persisting Meta logs: Impossible de créer l’instance d’API car le jeton d’accès est manquant. : []
2026-01-15T18:56:06+00:00 ERROR Error persisting error logs: Impossible de créer l’instance d’API car le jeton d’accès est manquant. : []
2026-01-15T19:34:41+00:00 ERROR Error persisting Meta logs: Impossible de créer l’instance d’API car le jeton d’accès est manquant. : []
2026-01-15T19:38:45+00:00 ERROR Error persisting Meta logs: Impossible de créer l’instance d’API car le jeton d’accès est manquant. : []
2026-01-15T19:44:48+00:00 ERROR Error persisting Meta logs: Impossible de créer l’instance d’API car le jeton d’accès est manquant. : []
