2026-01-07T00:01:46+00:00 ERROR Error persisting Meta logs: Impossible de créer l’instance d’API car le jeton d’accès est manquant. : []
2026-01-07T00:05:48+00:00 ERROR Error persisting Meta logs: Impossible de créer l’instance d’API car le jeton d’accès est manquant. : []
2026-01-07T00:11:51+00:00 ERROR Error persisting Meta logs: Impossible de créer l’instance d’API car le jeton d’accès est manquant. : []
2026-01-07T00:15:54+00:00 ERROR Error persisting Meta logs: Impossible de créer l’instance d’API car le jeton d’accès est manquant. : []
2026-01-07T00:21:57+00:00 ERROR Error persisting Meta logs: Impossible de créer l’instance d’API car le jeton d’accès est manquant. : []
2026-01-07T00:25:58+00:00 ERROR Error persisting Meta logs: Impossible de créer l’instance d’API car le jeton d’accès est manquant. : []
2026-01-07T00:32:01+00:00 ERROR Error persisting Meta logs: Impossible de créer l’instance d’API car le jeton d’accès est manquant. : []
2026-01-07T00:36:03+00:00 ERROR Error persisting Meta logs: Impossible de créer l’instance d’API car le jeton d’accès est manquant. : []
2026-01-07T00:42:06+00:00 ERROR Error persisting Meta logs: Impossible de créer l’instance d’API car le jeton d’accès est manquant. : []
2026-01-07T00:46:09+00:00 ERROR Error persisting Meta logs: Impossible de créer l’instance d’API car le jeton d’accès est manquant. : []
2026-01-07T00:50:11+00:00 ERROR Error persisting Meta logs: Impossible de créer l’instance d’API car le jeton d’accès est manquant. : []
2026-01-07T00:56:13+00:00 ERROR Error persisting Meta logs: Impossible de créer l’instance d’API car le jeton d’accès est manquant. : []
2026-01-07T00:56:14+00:00 WARNING Product feed scheduling failed: Integration not configured. : {"flow_name":"product_feed","flow_step":"schedule_feed_generation"}
2026-01-07T00:56:14+00:00 WARNING Language override feed scheduling failed: Integration not configured. : {"flow_name":"language_override_feed","flow_step":"schedule_feed_generation"}
2026-01-07T00:56:14+00:00 ERROR Error persisting error logs: Impossible de créer l’instance d’API car le jeton d’accès est manquant. : []
2026-01-07T01:00:15+00:00 ERROR Error persisting Meta logs: Impossible de créer l’instance d’API car le jeton d’accès est manquant. : []
2026-01-07T01:06:18+00:00 ERROR Error persisting Meta logs: Impossible de créer l’instance d’API car le jeton d’accès est manquant. : []
2026-01-07T01:10:21+00:00 ERROR Error persisting Meta logs: Impossible de créer l’instance d’API car le jeton d’accès est manquant. : []
2026-01-07T01:16:24+00:00 ERROR Error persisting Meta logs: Impossible de créer l’instance d’API car le jeton d’accès est manquant. : []
2026-01-07T01:20:24+00:00 ERROR Error persisting Meta logs: Impossible de créer l’instance d’API car le jeton d’accès est manquant. : []
2026-01-07T01:24:32+00:00 ERROR Error persisting Meta logs: Impossible de créer l’instance d’API car le jeton d’accès est manquant. : []
2026-01-07T01:30:29+00:00 ERROR Error persisting Meta logs: Impossible de créer l’instance d’API car le jeton d’accès est manquant. : []
2026-01-07T01:36:32+00:00 ERROR Error persisting Meta logs: Impossible de créer l’instance d’API car le jeton d’accès est manquant. : []
2026-01-07T01:40:35+00:00 ERROR Error persisting Meta logs: Impossible de créer l’instance d’API car le jeton d’accès est manquant. : []
2026-01-07T01:46:38+00:00 ERROR Error persisting Meta logs: Impossible de créer l’instance d’API car le jeton d’accès est manquant. : []
2026-01-07T01:50:39+00:00 ERROR Error persisting Meta logs: Impossible de créer l’instance d’API car le jeton d’accès est manquant. : []
2026-01-07T01:56:42+00:00 ERROR Error persisting Meta logs: Impossible de créer l’instance d’API car le jeton d’accès est manquant. : []
2026-01-07T01:56:43+00:00 WARNING Product feed scheduling failed: Integration not configured. : {"flow_name":"product_feed","flow_step":"schedule_feed_generation"}
2026-01-07T01:56:43+00:00 WARNING Language override feed scheduling failed: Integration not configured. : {"flow_name":"language_override_feed","flow_step":"schedule_feed_generation"}
2026-01-07T02:00:44+00:00 ERROR Error persisting Meta logs: Impossible de créer l’instance d’API car le jeton d’accès est manquant. : []
2026-01-07T02:06:47+00:00 ERROR Error persisting Meta logs: Impossible de créer l’instance d’API car le jeton d’accès est manquant. : []
2026-01-07T02:10:50+00:00 ERROR Error persisting Meta logs: Impossible de créer l’instance d’API car le jeton d’accès est manquant. : []
2026-01-07T02:16:53+00:00 ERROR Error persisting Meta logs: Impossible de créer l’instance d’API car le jeton d’accès est manquant. : []
2026-01-07T02:20:54+00:00 ERROR Error persisting Meta logs: Impossible de créer l’instance d’API car le jeton d’accès est manquant. : []
2026-01-07T02:26:57+00:00 ERROR Error persisting Meta logs: Impossible de créer l’instance d’API car le jeton d’accès est manquant. : []
2026-01-07T02:30:59+00:00 ERROR Error persisting Meta logs: Impossible de créer l’instance d’API car le jeton d’accès est manquant. : []
2026-01-07T02:37:02+00:00 ERROR Error persisting Meta logs: Impossible de créer l’instance d’API car le jeton d’accès est manquant. : []
2026-01-07T02:41:05+00:00 ERROR Error persisting Meta logs: Impossible de créer l’instance d’API car le jeton d’accès est manquant. : []
2026-01-07T02:47:08+00:00 ERROR Error persisting Meta logs: Impossible de créer l’instance d’API car le jeton d’accès est manquant. : []
2026-01-07T02:51:09+00:00 ERROR Error persisting Meta logs: Impossible de créer l’instance d’API car le jeton d’accès est manquant. : []
2026-01-07T02:55:11+00:00 ERROR Error persisting Meta logs: Impossible de créer l’instance d’API car le jeton d’accès est manquant. : []
2026-01-07T02:57:12+00:00 WARNING Product feed scheduling failed: Integration not configured. : {"flow_name":"product_feed","flow_step":"schedule_feed_generation"}
2026-01-07T02:57:12+00:00 WARNING Language override feed scheduling failed: Integration not configured. : {"flow_name":"language_override_feed","flow_step":"schedule_feed_generation"}
2026-01-07T03:01:14+00:00 ERROR Error persisting Meta logs: Impossible de créer l’instance d’API car le jeton d’accès est manquant. : []
2026-01-07T03:01:14+00:00 ERROR Error persisting Meta logs: Impossible de créer l’instance d’API car le jeton d’accès est manquant. : []
2026-01-07T03:05:17+00:00 ERROR Error persisting Meta logs: Impossible de créer l’instance d’API car le jeton d’accès est manquant. : []
2026-01-07T03:05:17+00:00 ERROR Error persisting Meta logs: Impossible de créer l’instance d’API car le jeton d’accès est manquant. : []
2026-01-07T03:11:20+00:00 ERROR Error persisting Meta logs: Impossible de créer l’instance d’API car le jeton d’accès est manquant. : []
2026-01-07T03:11:20+00:00 ERROR Error persisting Meta logs: Impossible de créer l’instance d’API car le jeton d’accès est manquant. : []
2026-01-07T03:15:21+00:00 ERROR Error persisting Meta logs: Impossible de créer l’instance d’API car le jeton d’accès est manquant. : []
2026-01-07T03:15:21+00:00 ERROR Error persisting Meta logs: Impossible de créer l’instance d’API car le jeton d’accès est manquant. : []
2026-01-07T03:21:24+00:00 ERROR Error persisting Meta logs: Impossible de créer l’instance d’API car le jeton d’accès est manquant. : []
2026-01-07T03:21:24+00:00 ERROR Error persisting Meta logs: Impossible de créer l’instance d’API car le jeton d’accès est manquant. : []
2026-01-07T03:25:26+00:00 ERROR Error persisting Meta logs: Impossible de créer l’instance d’API car le jeton d’accès est manquant. : []
2026-01-07T03:25:26+00:00 ERROR Error persisting Meta logs: Impossible de créer l’instance d’API car le jeton d’accès est manquant. : []
2026-01-07T03:31:29+00:00 ERROR Error persisting Meta logs: Impossible de créer l’instance d’API car le jeton d’accès est manquant. : []
2026-01-07T03:31:29+00:00 ERROR Error persisting Meta logs: Impossible de créer l’instance d’API car le jeton d’accès est manquant. : []
2026-01-07T03:35:32+00:00 ERROR Error persisting Meta logs: Impossible de créer l’instance d’API car le jeton d’accès est manquant. : []
2026-01-07T03:35:32+00:00 ERROR Error persisting Meta logs: Impossible de créer l’instance d’API car le jeton d’accès est manquant. : []
2026-01-07T03:41:35+00:00 ERROR Error persisting Meta logs: Impossible de créer l’instance d’API car le jeton d’accès est manquant. : []
2026-01-07T03:41:35+00:00 ERROR Error persisting Meta logs: Impossible de créer l’instance d’API car le jeton d’accès est manquant. : []
2026-01-07T03:45:36+00:00 ERROR Error persisting Meta logs: Impossible de créer l’instance d’API car le jeton d’accès est manquant. : []
2026-01-07T03:45:36+00:00 ERROR Error persisting Meta logs: Impossible de créer l’instance d’API car le jeton d’accès est manquant. : []
2026-01-07T03:51:39+00:00 ERROR Error persisting Meta logs: Impossible de créer l’instance d’API car le jeton d’accès est manquant. : []
2026-01-07T03:51:39+00:00 ERROR Error persisting Meta logs: Impossible de créer l’instance d’API car le jeton d’accès est manquant. : []
2026-01-07T03:55:41+00:00 ERROR Error persisting Meta logs: Impossible de créer l’instance d’API car le jeton d’accès est manquant. : []
2026-01-07T03:55:41+00:00 ERROR Error persisting Meta logs: Impossible de créer l’instance d’API car le jeton d’accès est manquant. : []
2026-01-07T04:01:44+00:00 ERROR Error persisting Meta logs: Impossible de créer l’instance d’API car le jeton d’accès est manquant. : []
2026-01-07T04:01:44+00:00 ERROR Error persisting Meta logs: Impossible de créer l’instance d’API car le jeton d’accès est manquant. : []
2026-01-07T04:05:47+00:00 ERROR Error persisting Meta logs: Impossible de créer l’instance d’API car le jeton d’accès est manquant. : []
2026-01-07T04:05:47+00:00 ERROR Error persisting Meta logs: Impossible de créer l’instance d’API car le jeton d’accès est manquant. : []
2026-01-07T04:11:50+00:00 ERROR Error persisting Meta logs: Impossible de créer l’instance d’API car le jeton d’accès est manquant. : []
2026-01-07T04:11:50+00:00 ERROR Error persisting Meta logs: Impossible de créer l’instance d’API car le jeton d’accès est manquant. : []
2026-01-07T04:15:51+00:00 ERROR Error persisting Meta logs: Impossible de créer l’instance d’API car le jeton d’accès est manquant. : []
2026-01-07T04:15:51+00:00 ERROR Error persisting Meta logs: Impossible de créer l’instance d’API car le jeton d’accès est manquant. : []
2026-01-07T04:21:54+00:00 ERROR Error persisting Meta logs: Impossible de créer l’instance d’API car le jeton d’accès est manquant. : []
2026-01-07T04:21:54+00:00 ERROR Error persisting Meta logs: Impossible de créer l’instance d’API car le jeton d’accès est manquant. : []
2026-01-07T04:25:56+00:00 ERROR Error persisting Meta logs: Impossible de créer l’instance d’API car le jeton d’accès est manquant. : []
2026-01-07T04:25:56+00:00 ERROR Error persisting Meta logs: Impossible de créer l’instance d’API car le jeton d’accès est manquant. : []
2026-01-07T04:31:59+00:00 ERROR Error persisting Meta logs: Impossible de créer l’instance d’API car le jeton d’accès est manquant. : []
2026-01-07T04:31:59+00:00 ERROR Error persisting Meta logs: Impossible de créer l’instance d’API car le jeton d’accès est manquant. : []
2026-01-07T04:36:02+00:00 ERROR Error persisting Meta logs: Impossible de créer l’instance d’API car le jeton d’accès est manquant. : []
2026-01-07T04:36:02+00:00 ERROR Error persisting Meta logs: Impossible de créer l’instance d’API car le jeton d’accès est manquant. : []
2026-01-07T04:42:05+00:00 ERROR Error persisting Meta logs: Impossible de créer l’instance d’API car le jeton d’accès est manquant. : []
2026-01-07T04:42:05+00:00 ERROR Error persisting Meta logs: Impossible de créer l’instance d’API car le jeton d’accès est manquant. : []
2026-01-07T04:46:06+00:00 ERROR Error persisting Meta logs: Impossible de créer l’instance d’API car le jeton d’accès est manquant. : []
2026-01-07T04:46:06+00:00 ERROR Error persisting Meta logs: Impossible de créer l’instance d’API car le jeton d’accès est manquant. : []
2026-01-07T04:50:07+00:00 ERROR Error persisting Meta logs: Impossible de créer l’instance d’API car le jeton d’accès est manquant. : []
2026-01-07T04:50:07+00:00 ERROR Error persisting Meta logs: Impossible de créer l’instance d’API car le jeton d’accès est manquant. : []
2026-01-07T04:56:10+00:00 ERROR Error persisting Meta logs: Impossible de créer l’instance d’API car le jeton d’accès est manquant. : []
2026-01-07T04:56:10+00:00 ERROR Error persisting Meta logs: Impossible de créer l’instance d’API car le jeton d’accès est manquant. : []
2026-01-07T04:56:11+00:00 WARNING Product feed scheduling failed: Integration not configured. : {"flow_name":"product_feed","flow_step":"schedule_feed_generation"}
2026-01-07T04:56:11+00:00 WARNING Language override feed scheduling failed: Integration not configured. : {"flow_name":"language_override_feed","flow_step":"schedule_feed_generation"}
2026-01-07T04:56:11+00:00 ERROR Error persisting error logs: Impossible de créer l’instance d’API car le jeton d’accès est manquant. : []
2026-01-07T05:00:13+00:00 ERROR Error persisting Meta logs: Impossible de créer l’instance d’API car le jeton d’accès est manquant. : []
2026-01-07T05:00:13+00:00 ERROR Error persisting Meta logs: Impossible de créer l’instance d’API car le jeton d’accès est manquant. : []
2026-01-07T05:06:16+00:00 ERROR Error persisting Meta logs: Impossible de créer l’instance d’API car le jeton d’accès est manquant. : []
2026-01-07T05:06:16+00:00 ERROR Error persisting Meta logs: Impossible de créer l’instance d’API car le jeton d’accès est manquant. : []
2026-01-07T05:10:17+00:00 ERROR Error persisting Meta logs: Impossible de créer l’instance d’API car le jeton d’accès est manquant. : []
2026-01-07T05:10:17+00:00 ERROR Error persisting Meta logs: Impossible de créer l’instance d’API car le jeton d’accès est manquant. : []
2026-01-07T05:16:21+00:00 ERROR Error persisting Meta logs: Impossible de créer l’instance d’API car le jeton d’accès est manquant. : []
2026-01-07T05:16:21+00:00 ERROR Error persisting Meta logs: Impossible de créer l’instance d’API car le jeton d’accès est manquant. : []
2026-01-07T05:20:22+00:00 ERROR Error persisting Meta logs: Impossible de créer l’instance d’API car le jeton d’accès est manquant. : []
2026-01-07T05:20:22+00:00 ERROR Error persisting Meta logs: Impossible de créer l’instance d’API car le jeton d’accès est manquant. : []
2026-01-07T05:26:25+00:00 ERROR Error persisting Meta logs: Impossible de créer l’instance d’API car le jeton d’accès est manquant. : []
2026-01-07T05:26:25+00:00 ERROR Error persisting Meta logs: Impossible de créer l’instance d’API car le jeton d’accès est manquant. : []
2026-01-07T05:30:28+00:00 ERROR Error persisting Meta logs: Impossible de créer l’instance d’API car le jeton d’accès est manquant. : []
2026-01-07T05:30:28+00:00 ERROR Error persisting Meta logs: Impossible de créer l’instance d’API car le jeton d’accès est manquant. : []
2026-01-07T05:36:31+00:00 ERROR Error persisting Meta logs: Impossible de créer l’instance d’API car le jeton d’accès est manquant. : []
2026-01-07T05:36:31+00:00 ERROR Error persisting Meta logs: Impossible de créer l’instance d’API car le jeton d’accès est manquant. : []
2026-01-07T05:40:32+00:00 ERROR Error persisting Meta logs: Impossible de créer l’instance d’API car le jeton d’accès est manquant. : []
2026-01-07T05:40:32+00:00 ERROR Error persisting Meta logs: Impossible de créer l’instance d’API car le jeton d’accès est manquant. : []
2026-01-07T05:46:35+00:00 ERROR Error persisting Meta logs: Impossible de créer l’instance d’API car le jeton d’accès est manquant. : []
2026-01-07T05:46:35+00:00 ERROR Error persisting Meta logs: Impossible de créer l’instance d’API car le jeton d’accès est manquant. : []
2026-01-07T05:50:37+00:00 ERROR Error persisting Meta logs: Impossible de créer l’instance d’API car le jeton d’accès est manquant. : []
2026-01-07T05:50:37+00:00 ERROR Error persisting Meta logs: Impossible de créer l’instance d’API car le jeton d’accès est manquant. : []
2026-01-07T05:56:40+00:00 ERROR Error persisting Meta logs: Impossible de créer l’instance d’API car le jeton d’accès est manquant. : []
2026-01-07T05:56:40+00:00 ERROR Error persisting Meta logs: Impossible de créer l’instance d’API car le jeton d’accès est manquant. : []
2026-01-07T05:56:41+00:00 WARNING Product feed scheduling failed: Integration not configured. : {"flow_name":"product_feed","flow_step":"schedule_feed_generation"}
2026-01-07T05:56:41+00:00 WARNING Language override feed scheduling failed: Integration not configured. : {"flow_name":"language_override_feed","flow_step":"schedule_feed_generation"}
2026-01-07T06:00:43+00:00 ERROR Error persisting Meta logs: Impossible de créer l’instance d’API car le jeton d’accès est manquant. : []
2026-01-07T06:00:43+00:00 ERROR Error persisting Meta logs: Impossible de créer l’instance d’API car le jeton d’accès est manquant. : []
2026-01-07T06:06:46+00:00 ERROR Error persisting Meta logs: Impossible de créer l’instance d’API car le jeton d’accès est manquant. : []
2026-01-07T06:06:46+00:00 ERROR Error persisting Meta logs: Impossible de créer l’instance d’API car le jeton d’accès est manquant. : []
2026-01-07T06:10:47+00:00 ERROR Error persisting Meta logs: Impossible de créer l’instance d’API car le jeton d’accès est manquant. : []
2026-01-07T06:10:47+00:00 ERROR Error persisting Meta logs: Impossible de créer l’instance d’API car le jeton d’accès est manquant. : []
2026-01-07T06:16:50+00:00 ERROR Error persisting Meta logs: Impossible de créer l’instance d’API car le jeton d’accès est manquant. : []
2026-01-07T06:16:50+00:00 ERROR Error persisting Meta logs: Impossible de créer l’instance d’API car le jeton d’accès est manquant. : []
2026-01-07T06:20:53+00:00 ERROR Error persisting Meta logs: Impossible de créer l’instance d’API car le jeton d’accès est manquant. : []
2026-01-07T06:20:53+00:00 ERROR Error persisting Meta logs: Impossible de créer l’instance d’API car le jeton d’accès est manquant. : []
2026-01-07T06:26:55+00:00 ERROR Error persisting Meta logs: Impossible de créer l’instance d’API car le jeton d’accès est manquant. : []
2026-01-07T06:26:55+00:00 ERROR Error persisting Meta logs: Impossible de créer l’instance d’API car le jeton d’accès est manquant. : []
2026-01-07T06:30:58+00:00 ERROR Error persisting Meta logs: Impossible de créer l’instance d’API car le jeton d’accès est manquant. : []
2026-01-07T06:30:58+00:00 ERROR Error persisting Meta logs: Impossible de créer l’instance d’API car le jeton d’accès est manquant. : []
2026-01-07T06:37:01+00:00 ERROR Error persisting Meta logs: Impossible de créer l’instance d’API car le jeton d’accès est manquant. : []
2026-01-07T06:37:01+00:00 ERROR Error persisting Meta logs: Impossible de créer l’instance d’API car le jeton d’accès est manquant. : []
2026-01-07T06:41:02+00:00 ERROR Error persisting Meta logs: Impossible de créer l’instance d’API car le jeton d’accès est manquant. : []
2026-01-07T06:41:02+00:00 ERROR Error persisting Meta logs: Impossible de créer l’instance d’API car le jeton d’accès est manquant. : []
2026-01-07T06:47:05+00:00 ERROR Error persisting Meta logs: Impossible de créer l’instance d’API car le jeton d’accès est manquant. : []
2026-01-07T06:47:05+00:00 ERROR Error persisting Meta logs: Impossible de créer l’instance d’API car le jeton d’accès est manquant. : []
2026-01-07T06:51:07+00:00 ERROR Error persisting Meta logs: Impossible de créer l’instance d’API car le jeton d’accès est manquant. : []
2026-01-07T06:51:07+00:00 ERROR Error persisting Meta logs: Impossible de créer l’instance d’API car le jeton d’accès est manquant. : []
2026-01-07T06:55:10+00:00 ERROR Error persisting Meta logs: Impossible de créer l’instance d’API car le jeton d’accès est manquant. : []
2026-01-07T06:55:10+00:00 ERROR Error persisting Meta logs: Impossible de créer l’instance d’API car le jeton d’accès est manquant. : []
2026-01-07T06:57:10+00:00 WARNING Product feed scheduling failed: Integration not configured. : {"flow_name":"product_feed","flow_step":"schedule_feed_generation"}
2026-01-07T06:57:10+00:00 WARNING Language override feed scheduling failed: Integration not configured. : {"flow_name":"language_override_feed","flow_step":"schedule_feed_generation"}
2026-01-07T07:01:14+00:00 ERROR Error persisting Meta logs: Impossible de créer l’instance d’API car le jeton d’accès est manquant. : []
2026-01-07T07:01:14+00:00 ERROR Error persisting Meta logs: Impossible de créer l’instance d’API car le jeton d’accès est manquant. : []
2026-01-07T07:05:15+00:00 ERROR Error persisting Meta logs: Impossible de créer l’instance d’API car le jeton d’accès est manquant. : []
2026-01-07T07:05:15+00:00 ERROR Error persisting Meta logs: Impossible de créer l’instance d’API car le jeton d’accès est manquant. : []
2026-01-07T07:11:17+00:00 ERROR Error persisting Meta logs: Impossible de créer l’instance d’API car le jeton d’accès est manquant. : []
2026-01-07T07:11:17+00:00 ERROR Error persisting Meta logs: Impossible de créer l’instance d’API car le jeton d’accès est manquant. : []
2026-01-07T07:15:19+00:00 ERROR Error persisting Meta logs: Impossible de créer l’instance d’API car le jeton d’accès est manquant. : []
2026-01-07T07:15:19+00:00 ERROR Error persisting Meta logs: Impossible de créer l’instance d’API car le jeton d’accès est manquant. : []
2026-01-07T07:21:22+00:00 ERROR Error persisting Meta logs: Impossible de créer l’instance d’API car le jeton d’accès est manquant. : []
2026-01-07T07:21:22+00:00 ERROR Error persisting Meta logs: Impossible de créer l’instance d’API car le jeton d’accès est manquant. : []
2026-01-07T07:25:27+00:00 ERROR Error persisting Meta logs: Impossible de créer l’instance d’API car le jeton d’accès est manquant. : []
2026-01-07T07:25:27+00:00 ERROR Error persisting Meta logs: Impossible de créer l’instance d’API car le jeton d’accès est manquant. : []
2026-01-07T07:31:28+00:00 ERROR Error persisting Meta logs: Impossible de créer l’instance d’API car le jeton d’accès est manquant. : []
2026-01-07T07:31:28+00:00 ERROR Error persisting Meta logs: Impossible de créer l’instance d’API car le jeton d’accès est manquant. : []
2026-01-07T07:35:29+00:00 ERROR Error persisting Meta logs: Impossible de créer l’instance d’API car le jeton d’accès est manquant. : []
2026-01-07T07:35:29+00:00 ERROR Error persisting Meta logs: Impossible de créer l’instance d’API car le jeton d’accès est manquant. : []
2026-01-07T07:41:32+00:00 ERROR Error persisting Meta logs: Impossible de créer l’instance d’API car le jeton d’accès est manquant. : []
2026-01-07T07:41:32+00:00 ERROR Error persisting Meta logs: Impossible de créer l’instance d’API car le jeton d’accès est manquant. : []
2026-01-07T07:45:34+00:00 ERROR Error persisting Meta logs: Impossible de créer l’instance d’API car le jeton d’accès est manquant. : []
2026-01-07T07:45:34+00:00 ERROR Error persisting Meta logs: Impossible de créer l’instance d’API car le jeton d’accès est manquant. : []
2026-01-07T07:51:37+00:00 ERROR Error persisting Meta logs: Impossible de créer l’instance d’API car le jeton d’accès est manquant. : []
2026-01-07T07:51:37+00:00 ERROR Error persisting Meta logs: Impossible de créer l’instance d’API car le jeton d’accès est manquant. : []
2026-01-07T07:53:44+00:00 ERROR Error persisting Meta logs: Impossible de créer l’instance d’API car le jeton d’accès est manquant. : []
2026-01-07T07:53:44+00:00 ERROR Error persisting Meta logs: Impossible de créer l’instance d’API car le jeton d’accès est manquant. : []
2026-01-07T07:57:40+00:00 WARNING Product feed scheduling failed: Integration not configured. : {"flow_name":"product_feed","flow_step":"schedule_feed_generation"}
2026-01-07T07:57:40+00:00 WARNING Language override feed scheduling failed: Integration not configured. : {"flow_name":"language_override_feed","flow_step":"schedule_feed_generation"}
2026-01-07T07:57:41+00:00 ERROR Error persisting error logs: Impossible de créer l’instance d’API car le jeton d’accès est manquant. : []
2026-01-07T08:01:43+00:00 ERROR Error persisting Meta logs: Impossible de créer l’instance d’API car le jeton d’accès est manquant. : []
2026-01-07T08:01:43+00:00 ERROR Error persisting Meta logs: Impossible de créer l’instance d’API car le jeton d’accès est manquant. : []
2026-01-07T08:05:45+00:00 ERROR Error persisting Meta logs: Impossible de créer l’instance d’API car le jeton d’accès est manquant. : []
2026-01-07T08:05:45+00:00 ERROR Error persisting Meta logs: Impossible de créer l’instance d’API car le jeton d’accès est manquant. : []
2026-01-07T08:11:48+00:00 ERROR Error persisting Meta logs: Impossible de créer l’instance d’API car le jeton d’accès est manquant. : []
2026-01-07T08:11:48+00:00 ERROR Error persisting Meta logs: Impossible de créer l’instance d’API car le jeton d’accès est manquant. : []
2026-01-07T08:15:49+00:00 ERROR Error persisting Meta logs: Impossible de créer l’instance d’API car le jeton d’accès est manquant. : []
2026-01-07T08:15:49+00:00 ERROR Error persisting Meta logs: Impossible de créer l’instance d’API car le jeton d’accès est manquant. : []
2026-01-07T08:21:52+00:00 ERROR Error persisting Meta logs: Impossible de créer l’instance d’API car le jeton d’accès est manquant. : []
2026-01-07T08:21:52+00:00 ERROR Error persisting Meta logs: Impossible de créer l’instance d’API car le jeton d’accès est manquant. : []
2026-01-07T08:25:55+00:00 ERROR Error persisting Meta logs: Impossible de créer l’instance d’API car le jeton d’accès est manquant. : []
2026-01-07T08:25:55+00:00 ERROR Error persisting Meta logs: Impossible de créer l’instance d’API car le jeton d’accès est manquant. : []
2026-01-07T08:31:57+00:00 ERROR Error persisting Meta logs: Impossible de créer l’instance d’API car le jeton d’accès est manquant. : []
2026-01-07T08:31:57+00:00 ERROR Error persisting Meta logs: Impossible de créer l’instance d’API car le jeton d’accès est manquant. : []
2026-01-07T08:35:58+00:00 ERROR Error persisting Meta logs: Impossible de créer l’instance d’API car le jeton d’accès est manquant. : []
2026-01-07T08:35:58+00:00 ERROR Error persisting Meta logs: Impossible de créer l’instance d’API car le jeton d’accès est manquant. : []
2026-01-07T08:42:01+00:00 ERROR Error persisting Meta logs: Impossible de créer l’instance d’API car le jeton d’accès est manquant. : []
2026-01-07T08:42:01+00:00 ERROR Error persisting Meta logs: Impossible de créer l’instance d’API car le jeton d’accès est manquant. : []
2026-01-07T08:46:03+00:00 ERROR Error persisting Meta logs: Impossible de créer l’instance d’API car le jeton d’accès est manquant. : []
2026-01-07T08:46:03+00:00 ERROR Error persisting Meta logs: Impossible de créer l’instance d’API car le jeton d’accès est manquant. : []
2026-01-07T08:49:06+00:00 ERROR Error persisting Meta logs: Impossible de créer l’instance d’API car le jeton d’accès est manquant. : []
2026-01-07T08:49:06+00:00 ERROR Error persisting Meta logs: Impossible de créer l’instance d’API car le jeton d’accès est manquant. : []
2026-01-07T08:53:59+00:00 ERROR Error persisting Meta logs: Impossible de créer l’instance d’API car le jeton d’accès est manquant. : []
2026-01-07T08:53:59+00:00 ERROR Error persisting Meta logs: Impossible de créer l’instance d’API car le jeton d’accès est manquant. : []
2026-01-07T09:00:57+00:00 ERROR Error persisting Meta logs: Impossible de créer l’instance d’API car le jeton d’accès est manquant. : []
2026-01-07T09:00:57+00:00 ERROR Error persisting Meta logs: Impossible de créer l’instance d’API car le jeton d’accès est manquant. : []
2026-01-07T09:03:58+00:00 ERROR Error persisting Meta logs: Impossible de créer l’instance d’API car le jeton d’accès est manquant. : []
2026-01-07T09:03:58+00:00 ERROR Error persisting Meta logs: Impossible de créer l’instance d’API car le jeton d’accès est manquant. : []
2026-01-07T09:10:13+00:00 ERROR Error persisting Meta logs: Impossible de créer l’instance d’API car le jeton d’accès est manquant. : []
2026-01-07T09:10:13+00:00 ERROR Error persisting Meta logs: Impossible de créer l’instance d’API car le jeton d’accès est manquant. : []
2026-01-07T09:14:13+00:00 ERROR Error persisting Meta logs: Impossible de créer l’instance d’API car le jeton d’accès est manquant. : []
2026-01-07T09:14:13+00:00 ERROR Error persisting Meta logs: Impossible de créer l’instance d’API car le jeton d’accès est manquant. : []
2026-01-07T09:21:27+00:00 ERROR Error persisting Meta logs: Impossible de créer l’instance d’API car le jeton d’accès est manquant. : []
2026-01-07T09:21:27+00:00 ERROR Error persisting Meta logs: Impossible de créer l’instance d’API car le jeton d’accès est manquant. : []
2026-01-07T09:24:59+00:00 ERROR Error persisting Meta logs: Impossible de créer l’instance d’API car le jeton d’accès est manquant. : []
2026-01-07T09:24:59+00:00 ERROR Error persisting Meta logs: Impossible de créer l’instance d’API car le jeton d’accès est manquant. : []
2026-01-07T09:31:02+00:00 ERROR Error persisting Meta logs: Impossible de créer l’instance d’API car le jeton d’accès est manquant. : []
2026-01-07T09:31:02+00:00 ERROR Error persisting Meta logs: Impossible de créer l’instance d’API car le jeton d’accès est manquant. : []
2026-01-07T09:34:18+00:00 ERROR Error persisting Meta logs: Impossible de créer l’instance d’API car le jeton d’accès est manquant. : []
2026-01-07T09:34:18+00:00 ERROR Error persisting Meta logs: Impossible de créer l’instance d’API car le jeton d’accès est manquant. : []
2026-01-07T09:39:21+00:00 ERROR Error persisting Meta logs: Impossible de créer l’instance d’API car le jeton d’accès est manquant. : []
2026-01-07T09:39:21+00:00 ERROR Error persisting Meta logs: Impossible de créer l’instance d’API car le jeton d’accès est manquant. : []
2026-01-07T09:44:11+00:00 ERROR Error persisting Meta logs: Impossible de créer l’instance d’API car le jeton d’accès est manquant. : []
2026-01-07T09:44:11+00:00 ERROR Error persisting Meta logs: Impossible de créer l’instance d’API car le jeton d’accès est manquant. : []
2026-01-07T09:49:19+00:00 ERROR Error persisting Meta logs: Impossible de créer l’instance d’API car le jeton d’accès est manquant. : []
2026-01-07T09:49:19+00:00 ERROR Error persisting Meta logs: Impossible de créer l’instance d’API car le jeton d’accès est manquant. : []
2026-01-07T09:55:05+00:00 ERROR Error persisting Meta logs: Impossible de créer l’instance d’API car le jeton d’accès est manquant. : []
2026-01-07T09:55:05+00:00 ERROR Error persisting Meta logs: Impossible de créer l’instance d’API car le jeton d’accès est manquant. : []
2026-01-07T09:55:11+00:00 WARNING Product feed scheduling failed: Integration not configured. : {"flow_name":"product_feed","flow_step":"schedule_feed_generation"}
2026-01-07T09:55:11+00:00 WARNING Language override feed scheduling failed: Integration not configured. : {"flow_name":"language_override_feed","flow_step":"schedule_feed_generation"}
2026-01-07T10:00:13+00:00 ERROR Error persisting Meta logs: Impossible de créer l’instance d’API car le jeton d’accès est manquant. : []
2026-01-07T10:00:13+00:00 ERROR Error persisting Meta logs: Impossible de créer l’instance d’API car le jeton d’accès est manquant. : []
2026-01-07T10:04:43+00:00 ERROR Error persisting Meta logs: Impossible de créer l’instance d’API car le jeton d’accès est manquant. : []
2026-01-07T10:04:43+00:00 ERROR Error persisting Meta logs: Impossible de créer l’instance d’API car le jeton d’accès est manquant. : []
2026-01-07T10:11:13+00:00 ERROR Error persisting Meta logs: Impossible de créer l’instance d’API car le jeton d’accès est manquant. : []
2026-01-07T10:11:13+00:00 ERROR Error persisting Meta logs: Impossible de créer l’instance d’API car le jeton d’accès est manquant. : []
2026-01-07T10:15:14+00:00 ERROR Error persisting Meta logs: Impossible de créer l’instance d’API car le jeton d’accès est manquant. : []
2026-01-07T10:15:14+00:00 ERROR Error persisting Meta logs: Impossible de créer l’instance d’API car le jeton d’accès est manquant. : []
2026-01-07T10:21:17+00:00 ERROR Error persisting Meta logs: Impossible de créer l’instance d’API car le jeton d’accès est manquant. : []
2026-01-07T10:21:17+00:00 ERROR Error persisting Meta logs: Impossible de créer l’instance d’API car le jeton d’accès est manquant. : []
2026-01-07T10:25:19+00:00 ERROR Error persisting Meta logs: Impossible de créer l’instance d’API car le jeton d’accès est manquant. : []
2026-01-07T10:25:19+00:00 ERROR Error persisting Meta logs: Impossible de créer l’instance d’API car le jeton d’accès est manquant. : []
2026-01-07T10:31:22+00:00 ERROR Error persisting Meta logs: Impossible de créer l’instance d’API car le jeton d’accès est manquant. : []
2026-01-07T10:31:22+00:00 ERROR Error persisting Meta logs: Impossible de créer l’instance d’API car le jeton d’accès est manquant. : []
2026-01-07T10:35:25+00:00 ERROR Error persisting Meta logs: Impossible de créer l’instance d’API car le jeton d’accès est manquant. : []
2026-01-07T10:35:25+00:00 ERROR Error persisting Meta logs: Impossible de créer l’instance d’API car le jeton d’accès est manquant. : []
2026-01-07T10:41:28+00:00 ERROR Error persisting Meta logs: Impossible de créer l’instance d’API car le jeton d’accès est manquant. : []
2026-01-07T10:41:28+00:00 ERROR Error persisting Meta logs: Impossible de créer l’instance d’API car le jeton d’accès est manquant. : []
2026-01-07T10:45:29+00:00 ERROR Error persisting Meta logs: Impossible de créer l’instance d’API car le jeton d’accès est manquant. : []
2026-01-07T10:45:29+00:00 ERROR Error persisting Meta logs: Impossible de créer l’instance d’API car le jeton d’accès est manquant. : []
2026-01-07T10:51:32+00:00 ERROR Error persisting Meta logs: Impossible de créer l’instance d’API car le jeton d’accès est manquant. : []
2026-01-07T10:51:32+00:00 ERROR Error persisting Meta logs: Impossible de créer l’instance d’API car le jeton d’accès est manquant. : []
2026-01-07T10:54:09+00:00 ERROR Error persisting Meta logs: Impossible de créer l’instance d’API car le jeton d’accès est manquant. : []
2026-01-07T10:54:09+00:00 ERROR Error persisting Meta logs: Impossible de créer l’instance d’API car le jeton d’accès est manquant. : []
2026-01-07T10:56:30+00:00 WARNING Product feed scheduling failed: Integration not configured. : {"flow_name":"product_feed","flow_step":"schedule_feed_generation"}
2026-01-07T10:56:30+00:00 WARNING Language override feed scheduling failed: Integration not configured. : {"flow_name":"language_override_feed","flow_step":"schedule_feed_generation"}
2026-01-07T10:59:46+00:00 ERROR Error persisting Meta logs: Impossible de créer l’instance d’API car le jeton d’accès est manquant. : []
2026-01-07T10:59:46+00:00 ERROR Error persisting Meta logs: Impossible de créer l’instance d’API car le jeton d’accès est manquant. : []
2026-01-07T11:05:47+00:00 ERROR Error persisting Meta logs: Impossible de créer l’instance d’API car le jeton d’accès est manquant. : []
2026-01-07T11:05:47+00:00 ERROR Error persisting Meta logs: Impossible de créer l’instance d’API car le jeton d’accès est manquant. : []
2026-01-07T11:10:45+00:00 ERROR Error persisting Meta logs: Impossible de créer l’instance d’API car le jeton d’accès est manquant. : []
2026-01-07T11:10:45+00:00 ERROR Error persisting Meta logs: Impossible de créer l’instance d’API car le jeton d’accès est manquant. : []
2026-01-07T11:14:16+00:00 ERROR Error persisting Meta logs: Impossible de créer l’instance d’API car le jeton d’accès est manquant. : []
2026-01-07T11:14:16+00:00 ERROR Error persisting Meta logs: Impossible de créer l’instance d’API car le jeton d’accès est manquant. : []
2026-01-07T11:20:44+00:00 ERROR Error persisting Meta logs: Impossible de créer l’instance d’API car le jeton d’accès est manquant. : []
2026-01-07T11:20:44+00:00 ERROR Error persisting Meta logs: Impossible de créer l’instance d’API car le jeton d’accès est manquant. : []
2026-01-07T11:25:47+00:00 ERROR Error persisting Meta logs: Impossible de créer l’instance d’API car le jeton d’accès est manquant. : []
2026-01-07T11:25:47+00:00 ERROR Error persisting Meta logs: Impossible de créer l’instance d’API car le jeton d’accès est manquant. : []
2026-01-07T11:31:50+00:00 ERROR Error persisting Meta logs: Impossible de créer l’instance d’API car le jeton d’accès est manquant. : []
2026-01-07T11:31:50+00:00 ERROR Error persisting Meta logs: Impossible de créer l’instance d’API car le jeton d’accès est manquant. : []
2026-01-07T12:21:03+00:00 ERROR Error persisting Meta logs: Impossible de créer l’instance d’API car le jeton d’accès est manquant. : []
2026-01-07T12:21:03+00:00 ERROR Error persisting Meta logs: Impossible de créer l’instance d’API car le jeton d’accès est manquant. : []
2026-01-07T12:21:10+00:00 ERROR Error persisting Meta logs: Impossible de créer l’instance d’API car le jeton d’accès est manquant. : []
2026-01-07T12:21:10+00:00 ERROR Error persisting Meta logs: Impossible de créer l’instance d’API car le jeton d’accès est manquant. : []
2026-01-07T12:21:10+00:00 WARNING Product feed scheduling failed: Integration not configured. : {"flow_name":"product_feed","flow_step":"schedule_feed_generation"}
2026-01-07T12:21:10+00:00 WARNING Language override feed scheduling failed: Integration not configured. : {"flow_name":"language_override_feed","flow_step":"schedule_feed_generation"}
2026-01-07T12:21:10+00:00 ERROR Error persisting error logs: Impossible de créer l’instance d’API car le jeton d’accès est manquant. : []
2026-01-07T12:24:25+00:00 ERROR Error persisting Meta logs: Impossible de créer l’instance d’API car le jeton d’accès est manquant. : []
2026-01-07T12:24:25+00:00 ERROR Error persisting Meta logs: Impossible de créer l’instance d’API car le jeton d’accès est manquant. : []
2026-01-07T12:30:46+00:00 ERROR Error persisting Meta logs: Impossible de créer l’instance d’API car le jeton d’accès est manquant. : []
2026-01-07T12:30:46+00:00 ERROR Error persisting Meta logs: Impossible de créer l’instance d’API car le jeton d’accès est manquant. : []
2026-01-07T12:39:53+00:00 ERROR Error persisting Meta logs: Impossible de créer l’instance d’API car le jeton d’accès est manquant. : []
2026-01-07T12:39:53+00:00 ERROR Error persisting Meta logs: Impossible de créer l’instance d’API car le jeton d’accès est manquant. : []
2026-01-07T12:39:59+00:00 ERROR Error persisting Meta logs: Impossible de créer l’instance d’API car le jeton d’accès est manquant. : []
2026-01-07T12:39:59+00:00 ERROR Error persisting Meta logs: Impossible de créer l’instance d’API car le jeton d’accès est manquant. : []
2026-01-07T12:44:41+00:00 ERROR Error persisting Meta logs: Impossible de créer l’instance d’API car le jeton d’accès est manquant. : []
2026-01-07T12:44:41+00:00 ERROR Error persisting Meta logs: Impossible de créer l’instance d’API car le jeton d’accès est manquant. : []
2026-01-07T12:51:22+00:00 ERROR Error persisting Meta logs: Impossible de créer l’instance d’API car le jeton d’accès est manquant. : []
2026-01-07T12:51:22+00:00 ERROR Error persisting Meta logs: Impossible de créer l’instance d’API car le jeton d’accès est manquant. : []
2026-01-07T12:53:46+00:00 ERROR Error persisting Meta logs: Impossible de créer l’instance d’API car le jeton d’accès est manquant. : []
2026-01-07T12:53:46+00:00 ERROR Error persisting Meta logs: Impossible de créer l’instance d’API car le jeton d’accès est manquant. : []
2026-01-07T12:55:08+00:00 NOTICE Unable to detect valid feed configuration: No catalog ID
2026-01-07T12:59:40+00:00 ERROR Error persisting Meta logs: Impossible de créer l’instance d’API car le jeton d’accès est manquant. : []
2026-01-07T12:59:40+00:00 ERROR Error persisting Meta logs: Impossible de créer l’instance d’API car le jeton d’accès est manquant. : []
2026-01-07T13:04:54+00:00 ERROR Error persisting Meta logs: Impossible de créer l’instance d’API car le jeton d’accès est manquant. : []
2026-01-07T13:04:54+00:00 ERROR Error persisting Meta logs: Impossible de créer l’instance d’API car le jeton d’accès est manquant. : []
2026-01-07T13:08:58+00:00 ERROR Error persisting Meta logs: Impossible de créer l’instance d’API car le jeton d’accès est manquant. : []
2026-01-07T13:08:58+00:00 ERROR Error persisting Meta logs: Impossible de créer l’instance d’API car le jeton d’accès est manquant. : []
2026-01-07T13:14:19+00:00 ERROR Error persisting Meta logs: Impossible de créer l’instance d’API car le jeton d’accès est manquant. : []
2026-01-07T13:14:19+00:00 ERROR Error persisting Meta logs: Impossible de créer l’instance d’API car le jeton d’accès est manquant. : []
2026-01-07T13:20:23+00:00 ERROR Error persisting Meta logs: Impossible de créer l’instance d’API car le jeton d’accès est manquant. : []
2026-01-07T13:20:23+00:00 ERROR Error persisting Meta logs: Impossible de créer l’instance d’API car le jeton d’accès est manquant. : []
2026-01-07T13:25:25+00:00 ERROR Error persisting Meta logs: Impossible de créer l’instance d’API car le jeton d’accès est manquant. : []
2026-01-07T13:25:25+00:00 ERROR Error persisting Meta logs: Impossible de créer l’instance d’API car le jeton d’accès est manquant. : []
2026-01-07T13:29:14+00:00 ERROR Error persisting Meta logs: Impossible de créer l’instance d’API car le jeton d’accès est manquant. : []
2026-01-07T13:29:14+00:00 ERROR Error persisting Meta logs: Impossible de créer l’instance d’API car le jeton d’accès est manquant. : []
2026-01-07T13:34:13+00:00 ERROR Error persisting Meta logs: Impossible de créer l’instance d’API car le jeton d’accès est manquant. : []
2026-01-07T13:34:13+00:00 ERROR Error persisting Meta logs: Impossible de créer l’instance d’API car le jeton d’accès est manquant. : []
2026-01-07T13:40:16+00:00 ERROR Error persisting Meta logs: Impossible de créer l’instance d’API car le jeton d’accès est manquant. : []
2026-01-07T13:40:16+00:00 ERROR Error persisting Meta logs: Impossible de créer l’instance d’API car le jeton d’accès est manquant. : []
2026-01-07T13:46:18+00:00 ERROR Error persisting Meta logs: Impossible de créer l’instance d’API car le jeton d’accès est manquant. : []
2026-01-07T13:46:18+00:00 ERROR Error persisting Meta logs: Impossible de créer l’instance d’API car le jeton d’accès est manquant. : []
2026-01-07T13:50:20+00:00 ERROR Error persisting Meta logs: Impossible de créer l’instance d’API car le jeton d’accès est manquant. : []
2026-01-07T13:50:20+00:00 ERROR Error persisting Meta logs: Impossible de créer l’instance d’API car le jeton d’accès est manquant. : []
2026-01-07T13:56:23+00:00 ERROR Error persisting Meta logs: Impossible de créer l’instance d’API car le jeton d’accès est manquant. : []
2026-01-07T13:56:23+00:00 ERROR Error persisting Meta logs: Impossible de créer l’instance d’API car le jeton d’accès est manquant. : []
2026-01-07T13:56:24+00:00 WARNING Product feed scheduling failed: Integration not configured. : {"flow_name":"product_feed","flow_step":"schedule_feed_generation"}
2026-01-07T13:56:24+00:00 WARNING Language override feed scheduling failed: Integration not configured. : {"flow_name":"language_override_feed","flow_step":"schedule_feed_generation"}
2026-01-07T14:00:26+00:00 ERROR Error persisting Meta logs: Impossible de créer l’instance d’API car le jeton d’accès est manquant. : []
2026-01-07T14:00:26+00:00 ERROR Error persisting Meta logs: Impossible de créer l’instance d’API car le jeton d’accès est manquant. : []
2026-01-07T14:06:29+00:00 ERROR Error persisting Meta logs: Impossible de créer l’instance d’API car le jeton d’accès est manquant. : []
2026-01-07T14:06:29+00:00 ERROR Error persisting Meta logs: Impossible de créer l’instance d’API car le jeton d’accès est manquant. : []
2026-01-07T14:10:31+00:00 ERROR Error persisting Meta logs: Impossible de créer l’instance d’API car le jeton d’accès est manquant. : []
2026-01-07T14:10:31+00:00 ERROR Error persisting Meta logs: Impossible de créer l’instance d’API car le jeton d’accès est manquant. : []
2026-01-07T14:16:34+00:00 ERROR Error persisting Meta logs: Impossible de créer l’instance d’API car le jeton d’accès est manquant. : []
2026-01-07T14:16:34+00:00 ERROR Error persisting Meta logs: Impossible de créer l’instance d’API car le jeton d’accès est manquant. : []
2026-01-07T14:20:35+00:00 ERROR Error persisting Meta logs: Impossible de créer l’instance d’API car le jeton d’accès est manquant. : []
2026-01-07T14:20:35+00:00 ERROR Error persisting Meta logs: Impossible de créer l’instance d’API car le jeton d’accès est manquant. : []
2026-01-07T14:26:37+00:00 ERROR Error persisting Meta logs: Impossible de créer l’instance d’API car le jeton d’accès est manquant. : []
2026-01-07T14:26:37+00:00 ERROR Error persisting Meta logs: Impossible de créer l’instance d’API car le jeton d’accès est manquant. : []
2026-01-07T14:30:40+00:00 ERROR Error persisting Meta logs: Impossible de créer l’instance d’API car le jeton d’accès est manquant. : []
2026-01-07T14:30:40+00:00 ERROR Error persisting Meta logs: Impossible de créer l’instance d’API car le jeton d’accès est manquant. : []
2026-01-07T14:36:43+00:00 ERROR Error persisting Meta logs: Impossible de créer l’instance d’API car le jeton d’accès est manquant. : []
2026-01-07T14:36:43+00:00 ERROR Error persisting Meta logs: Impossible de créer l’instance d’API car le jeton d’accès est manquant. : []
2026-01-07T14:40:44+00:00 ERROR Error persisting Meta logs: Impossible de créer l’instance d’API car le jeton d’accès est manquant. : []
2026-01-07T14:40:44+00:00 ERROR Error persisting Meta logs: Impossible de créer l’instance d’API car le jeton d’accès est manquant. : []
2026-01-07T14:46:46+00:00 ERROR Error persisting Meta logs: Impossible de créer l’instance d’API car le jeton d’accès est manquant. : []
2026-01-07T14:46:46+00:00 ERROR Error persisting Meta logs: Impossible de créer l’instance d’API car le jeton d’accès est manquant. : []
2026-01-07T14:50:48+00:00 ERROR Error persisting Meta logs: Impossible de créer l’instance d’API car le jeton d’accès est manquant. : []
2026-01-07T14:50:48+00:00 ERROR Error persisting Meta logs: Impossible de créer l’instance d’API car le jeton d’accès est manquant. : []
2026-01-07T14:56:51+00:00 ERROR Error persisting Meta logs: Impossible de créer l’instance d’API car le jeton d’accès est manquant. : []
2026-01-07T14:56:51+00:00 ERROR Error persisting Meta logs: Impossible de créer l’instance d’API car le jeton d’accès est manquant. : []
2026-01-07T14:56:52+00:00 WARNING Product feed scheduling failed: Integration not configured. : {"flow_name":"product_feed","flow_step":"schedule_feed_generation"}
2026-01-07T14:56:52+00:00 WARNING Language override feed scheduling failed: Integration not configured. : {"flow_name":"language_override_feed","flow_step":"schedule_feed_generation"}
2026-01-07T15:00:55+00:00 ERROR Error persisting Meta logs: Impossible de créer l’instance d’API car le jeton d’accès est manquant. : []
2026-01-07T15:00:55+00:00 ERROR Error persisting Meta logs: Impossible de créer l’instance d’API car le jeton d’accès est manquant. : []
2026-01-07T15:06:58+00:00 ERROR Error persisting Meta logs: Impossible de créer l’instance d’API car le jeton d’accès est manquant. : []
2026-01-07T15:06:58+00:00 ERROR Error persisting Meta logs: Impossible de créer l’instance d’API car le jeton d’accès est manquant. : []
2026-01-07T15:10:03+00:00 ERROR Error persisting Meta logs: Impossible de créer l’instance d’API car le jeton d’accès est manquant. : []
2026-01-07T15:10:03+00:00 ERROR Error persisting Meta logs: Impossible de créer l’instance d’API car le jeton d’accès est manquant. : []
2026-01-07T15:17:01+00:00 ERROR Error persisting Meta logs: Impossible de créer l’instance d’API car le jeton d’accès est manquant. : []
2026-01-07T15:17:01+00:00 ERROR Error persisting Meta logs: Impossible de créer l’instance d’API car le jeton d’accès est manquant. : []
2026-01-07T15:21:03+00:00 ERROR Error persisting Meta logs: Impossible de créer l’instance d’API car le jeton d’accès est manquant. : []
2026-01-07T15:21:03+00:00 ERROR Error persisting Meta logs: Impossible de créer l’instance d’API car le jeton d’accès est manquant. : []
2026-01-07T15:25:06+00:00 ERROR Error persisting Meta logs: Impossible de créer l’instance d’API car le jeton d’accès est manquant. : []
2026-01-07T15:25:06+00:00 ERROR Error persisting Meta logs: Impossible de créer l’instance d’API car le jeton d’accès est manquant. : []
2026-01-07T15:31:10+00:00 ERROR Error persisting Meta logs: Impossible de créer l’instance d’API car le jeton d’accès est manquant. : []
2026-01-07T15:31:10+00:00 ERROR Error persisting Meta logs: Impossible de créer l’instance d’API car le jeton d’accès est manquant. : []
2026-01-07T15:35:11+00:00 ERROR Error persisting Meta logs: Impossible de créer l’instance d’API car le jeton d’accès est manquant. : []
2026-01-07T15:35:11+00:00 ERROR Error persisting Meta logs: Impossible de créer l’instance d’API car le jeton d’accès est manquant. : []
2026-01-07T15:41:14+00:00 ERROR Error persisting Meta logs: Impossible de créer l’instance d’API car le jeton d’accès est manquant. : []
2026-01-07T15:41:14+00:00 ERROR Error persisting Meta logs: Impossible de créer l’instance d’API car le jeton d’accès est manquant. : []
2026-01-07T15:45:15+00:00 ERROR Error persisting Meta logs: Impossible de créer l’instance d’API car le jeton d’accès est manquant. : []
2026-01-07T15:45:15+00:00 ERROR Error persisting Meta logs: Impossible de créer l’instance d’API car le jeton d’accès est manquant. : []
2026-01-07T15:51:18+00:00 ERROR Error persisting Meta logs: Impossible de créer l’instance d’API car le jeton d’accès est manquant. : []
2026-01-07T15:51:18+00:00 ERROR Error persisting Meta logs: Impossible de créer l’instance d’API car le jeton d’accès est manquant. : []
2026-01-07T15:55:00+00:00 ERROR Error persisting Meta logs: Impossible de créer l’instance d’API car le jeton d’accès est manquant. : []
2026-01-07T15:55:00+00:00 ERROR Error persisting Meta logs: Impossible de créer l’instance d’API car le jeton d’accès est manquant. : []
2026-01-07T15:55:21+00:00 ERROR Error persisting error logs: Impossible de créer l’instance d’API car le jeton d’accès est manquant. : []
2026-01-07T15:59:22+00:00 ERROR Error persisting Meta logs: Impossible de créer l’instance d’API car le jeton d’accès est manquant. : []
2026-01-07T15:59:22+00:00 ERROR Error persisting Meta logs: Impossible de créer l’instance d’API car le jeton d’accès est manquant. : []
2026-01-07T16:05:26+00:00 ERROR Error persisting Meta logs: Impossible de créer l’instance d’API car le jeton d’accès est manquant. : []
2026-01-07T16:05:26+00:00 ERROR Error persisting Meta logs: Impossible de créer l’instance d’API car le jeton d’accès est manquant. : []
2026-01-07T16:11:29+00:00 ERROR Error persisting Meta logs: Impossible de créer l’instance d’API car le jeton d’accès est manquant. : []
2026-01-07T16:11:29+00:00 ERROR Error persisting Meta logs: Impossible de créer l’instance d’API car le jeton d’accès est manquant. : []
2026-01-07T16:15:30+00:00 ERROR Error persisting Meta logs: Impossible de créer l’instance d’API car le jeton d’accès est manquant. : []
2026-01-07T16:15:30+00:00 ERROR Error persisting Meta logs: Impossible de créer l’instance d’API car le jeton d’accès est manquant. : []
2026-01-07T16:21:33+00:00 ERROR Error persisting Meta logs: Impossible de créer l’instance d’API car le jeton d’accès est manquant. : []
2026-01-07T16:21:33+00:00 ERROR Error persisting Meta logs: Impossible de créer l’instance d’API car le jeton d’accès est manquant. : []
2026-01-07T16:23:41+00:00 ERROR Error persisting Meta logs: Impossible de créer l’instance d’API car le jeton d’accès est manquant. : []
2026-01-07T16:23:41+00:00 ERROR Error persisting Meta logs: Impossible de créer l’instance d’API car le jeton d’accès est manquant. : []
2026-01-07T16:31:40+00:00 ERROR Error persisting Meta logs: Impossible de créer l’instance d’API car le jeton d’accès est manquant. : []
2026-01-07T16:31:40+00:00 ERROR Error persisting Meta logs: Impossible de créer l’instance d’API car le jeton d’accès est manquant. : []
2026-01-07T16:35:41+00:00 ERROR Error persisting Meta logs: Impossible de créer l’instance d’API car le jeton d’accès est manquant. : []
2026-01-07T16:35:41+00:00 ERROR Error persisting Meta logs: Impossible de créer l’instance d’API car le jeton d’accès est manquant. : []
2026-01-07T16:41:44+00:00 ERROR Error persisting Meta logs: Impossible de créer l’instance d’API car le jeton d’accès est manquant. : []
2026-01-07T16:41:44+00:00 ERROR Error persisting Meta logs: Impossible de créer l’instance d’API car le jeton d’accès est manquant. : []
2026-01-07T16:45:45+00:00 ERROR Error persisting Meta logs: Impossible de créer l’instance d’API car le jeton d’accès est manquant. : []
2026-01-07T16:45:45+00:00 ERROR Error persisting Meta logs: Impossible de créer l’instance d’API car le jeton d’accès est manquant. : []
2026-01-07T16:51:48+00:00 ERROR Error persisting Meta logs: Impossible de créer l’instance d’API car le jeton d’accès est manquant. : []
2026-01-07T16:51:48+00:00 ERROR Error persisting Meta logs: Impossible de créer l’instance d’API car le jeton d’accès est manquant. : []
2026-01-07T16:55:51+00:00 ERROR Error persisting Meta logs: Impossible de créer l’instance d’API car le jeton d’accès est manquant. : []
2026-01-07T16:55:51+00:00 ERROR Error persisting Meta logs: Impossible de créer l’instance d’API car le jeton d’accès est manquant. : []
2026-01-07T16:55:58+00:00 WARNING Product feed scheduling failed: Integration not configured. : {"flow_name":"product_feed","flow_step":"schedule_feed_generation"}
2026-01-07T16:55:58+00:00 WARNING Language override feed scheduling failed: Integration not configured. : {"flow_name":"language_override_feed","flow_step":"schedule_feed_generation"}
2026-01-07T17:01:54+00:00 ERROR Error persisting Meta logs: Impossible de créer l’instance d’API car le jeton d’accès est manquant. : []
2026-01-07T17:01:54+00:00 ERROR Error persisting Meta logs: Impossible de créer l’instance d’API car le jeton d’accès est manquant. : []
2026-01-07T17:01:54+00:00 ERROR Error persisting Meta logs: Impossible de créer l’instance d’API car le jeton d’accès est manquant. : []
2026-01-07T17:05:56+00:00 ERROR Error persisting Meta logs: Impossible de créer l’instance d’API car le jeton d’accès est manquant. : []
2026-01-07T17:05:56+00:00 ERROR Error persisting Meta logs: Impossible de créer l’instance d’API car le jeton d’accès est manquant. : []
2026-01-07T17:05:56+00:00 ERROR Error persisting Meta logs: Impossible de créer l’instance d’API car le jeton d’accès est manquant. : []
2026-01-07T17:11:59+00:00 ERROR Error persisting Meta logs: Impossible de créer l’instance d’API car le jeton d’accès est manquant. : []
2026-01-07T17:11:59+00:00 ERROR Error persisting Meta logs: Impossible de créer l’instance d’API car le jeton d’accès est manquant. : []
2026-01-07T17:11:59+00:00 ERROR Error persisting Meta logs: Impossible de créer l’instance d’API car le jeton d’accès est manquant. : []
2026-01-07T17:16:00+00:00 ERROR Error persisting Meta logs: Impossible de créer l’instance d’API car le jeton d’accès est manquant. : []
2026-01-07T17:16:00+00:00 ERROR Error persisting Meta logs: Impossible de créer l’instance d’API car le jeton d’accès est manquant. : []
2026-01-07T17:16:00+00:00 ERROR Error persisting Meta logs: Impossible de créer l’instance d’API car le jeton d’accès est manquant. : []
2026-01-07T17:22:02+00:00 ERROR Error persisting Meta logs: Impossible de créer l’instance d’API car le jeton d’accès est manquant. : []
2026-01-07T17:22:02+00:00 ERROR Error persisting Meta logs: Impossible de créer l’instance d’API car le jeton d’accès est manquant. : []
2026-01-07T17:22:02+00:00 ERROR Error persisting Meta logs: Impossible de créer l’instance d’API car le jeton d’accès est manquant. : []
2026-01-07T17:24:10+00:00 ERROR Error persisting Meta logs: Impossible de créer l’instance d’API car le jeton d’accès est manquant. : []
2026-01-07T17:24:10+00:00 ERROR Error persisting Meta logs: Impossible de créer l’instance d’API car le jeton d’accès est manquant. : []
2026-01-07T17:24:10+00:00 ERROR Error persisting Meta logs: Impossible de créer l’instance d’API car le jeton d’accès est manquant. : []
2026-01-07T18:08:15+00:00 ERROR Error persisting Meta logs: Impossible de créer l’instance d’API car le jeton d’accès est manquant. : []
2026-01-07T18:08:15+00:00 ERROR Error persisting Meta logs: Impossible de créer l’instance d’API car le jeton d’accès est manquant. : []
2026-01-07T18:08:15+00:00 ERROR Error persisting Meta logs: Impossible de créer l’instance d’API car le jeton d’accès est manquant. : []
2026-01-07T18:08:15+00:00 WARNING Product feed scheduling failed: Integration not configured. : {"flow_name":"product_feed","flow_step":"schedule_feed_generation"}
2026-01-07T18:08:15+00:00 WARNING Language override feed scheduling failed: Integration not configured. : {"flow_name":"language_override_feed","flow_step":"schedule_feed_generation"}
2026-01-07T18:10:16+00:00 ERROR Error persisting Meta logs: Impossible de créer l’instance d’API car le jeton d’accès est manquant. : []
2026-01-07T18:10:16+00:00 ERROR Error persisting Meta logs: Impossible de créer l’instance d’API car le jeton d’accès est manquant. : []
2026-01-07T18:10:16+00:00 ERROR Error persisting Meta logs: Impossible de créer l’instance d’API car le jeton d’accès est manquant. : []
2026-01-07T18:16:19+00:00 ERROR Error persisting Meta logs: Impossible de créer l’instance d’API car le jeton d’accès est manquant. : []
2026-01-07T18:16:19+00:00 ERROR Error persisting Meta logs: Impossible de créer l’instance d’API car le jeton d’accès est manquant. : []
2026-01-07T18:16:19+00:00 ERROR Error persisting Meta logs: Impossible de créer l’instance d’API car le jeton d’accès est manquant. : []
2026-01-07T18:43:58+00:00 ERROR Error persisting Meta logs: Impossible de créer l’instance d’API car le jeton d’accès est manquant. : []
2026-01-07T18:43:58+00:00 ERROR Error persisting Meta logs: Impossible de créer l’instance d’API car le jeton d’accès est manquant. : []
2026-01-07T18:43:58+00:00 ERROR Error persisting Meta logs: Impossible de créer l’instance d’API car le jeton d’accès est manquant. : []
2026-01-07T18:49:12+00:00 ERROR Error persisting Meta logs: Impossible de créer l’instance d’API car le jeton d’accès est manquant. : []
2026-01-07T18:49:12+00:00 ERROR Error persisting Meta logs: Impossible de créer l’instance d’API car le jeton d’accès est manquant. : []
2026-01-07T18:49:12+00:00 ERROR Error persisting Meta logs: Impossible de créer l’instance d’API car le jeton d’accès est manquant. : []
2026-01-07T18:54:51+00:00 ERROR Error persisting Meta logs: Impossible de créer l’instance d’API car le jeton d’accès est manquant. : []
2026-01-07T18:54:51+00:00 ERROR Error persisting Meta logs: Impossible de créer l’instance d’API car le jeton d’accès est manquant. : []
2026-01-07T18:54:51+00:00 ERROR Error persisting Meta logs: Impossible de créer l’instance d’API car le jeton d’accès est manquant. : []
2026-01-07T19:00:35+00:00 ERROR Error persisting Meta logs: Impossible de créer l’instance d’API car le jeton d’accès est manquant. : []
2026-01-07T19:00:35+00:00 ERROR Error persisting Meta logs: Impossible de créer l’instance d’API car le jeton d’accès est manquant. : []
2026-01-07T19:00:35+00:00 ERROR Error persisting Meta logs: Impossible de créer l’instance d’API car le jeton d’accès est manquant. : []
2026-01-07T19:04:27+00:00 ERROR Error persisting Meta logs: Impossible de créer l’instance d’API car le jeton d’accès est manquant. : []
2026-01-07T19:04:27+00:00 ERROR Error persisting Meta logs: Impossible de créer l’instance d’API car le jeton d’accès est manquant. : []
2026-01-07T19:04:27+00:00 ERROR Error persisting Meta logs: Impossible de créer l’instance d’API car le jeton d’accès est manquant. : []
2026-01-07T19:08:56+00:00 ERROR Error persisting Meta logs: Impossible de créer l’instance d’API car le jeton d’accès est manquant. : []
2026-01-07T19:08:56+00:00 ERROR Error persisting Meta logs: Impossible de créer l’instance d’API car le jeton d’accès est manquant. : []
2026-01-07T19:08:56+00:00 ERROR Error persisting Meta logs: Impossible de créer l’instance d’API car le jeton d’accès est manquant. : []
2026-01-07T19:14:18+00:00 ERROR Error persisting Meta logs: Impossible de créer l’instance d’API car le jeton d’accès est manquant. : []
2026-01-07T19:14:18+00:00 ERROR Error persisting Meta logs: Impossible de créer l’instance d’API car le jeton d’accès est manquant. : []
2026-01-07T19:14:18+00:00 ERROR Error persisting Meta logs: Impossible de créer l’instance d’API car le jeton d’accès est manquant. : []
2026-01-07T19:19:21+00:00 ERROR Error persisting Meta logs: Impossible de créer l’instance d’API car le jeton d’accès est manquant. : []
2026-01-07T19:19:21+00:00 ERROR Error persisting Meta logs: Impossible de créer l’instance d’API car le jeton d’accès est manquant. : []
2026-01-07T19:19:21+00:00 ERROR Error persisting Meta logs: Impossible de créer l’instance d’API car le jeton d’accès est manquant. : []
2026-01-07T19:23:47+00:00 ERROR Error persisting Meta logs: Impossible de créer l’instance d’API car le jeton d’accès est manquant. : []
2026-01-07T19:23:47+00:00 ERROR Error persisting Meta logs: Impossible de créer l’instance d’API car le jeton d’accès est manquant. : []
2026-01-07T19:23:47+00:00 ERROR Error persisting Meta logs: Impossible de créer l’instance d’API car le jeton d’accès est manquant. : []
2026-01-07T19:29:03+00:00 ERROR Error persisting Meta logs: Impossible de créer l’instance d’API car le jeton d’accès est manquant. : []
2026-01-07T19:29:03+00:00 ERROR Error persisting Meta logs: Impossible de créer l’instance d’API car le jeton d’accès est manquant. : []
2026-01-07T19:29:03+00:00 ERROR Error persisting Meta logs: Impossible de créer l’instance d’API car le jeton d’accès est manquant. : []
2026-01-07T19:34:17+00:00 ERROR Error persisting Meta logs: Impossible de créer l’instance d’API car le jeton d’accès est manquant. : []
2026-01-07T19:34:17+00:00 ERROR Error persisting Meta logs: Impossible de créer l’instance d’API car le jeton d’accès est manquant. : []
2026-01-07T19:34:17+00:00 ERROR Error persisting Meta logs: Impossible de créer l’instance d’API car le jeton d’accès est manquant. : []
2026-01-07T19:39:21+00:00 ERROR Error persisting Meta logs: Impossible de créer l’instance d’API car le jeton d’accès est manquant. : []
2026-01-07T19:39:21+00:00 ERROR Error persisting Meta logs: Impossible de créer l’instance d’API car le jeton d’accès est manquant. : []
2026-01-07T19:39:21+00:00 ERROR Error persisting Meta logs: Impossible de créer l’instance d’API car le jeton d’accès est manquant. : []
2026-01-07T19:43:40+00:00 ERROR Error persisting Meta logs: Impossible de créer l’instance d’API car le jeton d’accès est manquant. : []
2026-01-07T19:43:40+00:00 ERROR Error persisting Meta logs: Impossible de créer l’instance d’API car le jeton d’accès est manquant. : []
2026-01-07T19:43:40+00:00 ERROR Error persisting Meta logs: Impossible de créer l’instance d’API car le jeton d’accès est manquant. : []
2026-01-07T19:48:55+00:00 ERROR Error persisting Meta logs: Impossible de créer l’instance d’API car le jeton d’accès est manquant. : []
2026-01-07T19:48:55+00:00 ERROR Error persisting Meta logs: Impossible de créer l’instance d’API car le jeton d’accès est manquant. : []
2026-01-07T19:48:55+00:00 ERROR Error persisting Meta logs: Impossible de créer l’instance d’API car le jeton d’accès est manquant. : []
2026-01-07T19:54:13+00:00 ERROR Error persisting Meta logs: Impossible de créer l’instance d’API car le jeton d’accès est manquant. : []
2026-01-07T19:54:13+00:00 ERROR Error persisting Meta logs: Impossible de créer l’instance d’API car le jeton d’accès est manquant. : []
2026-01-07T19:54:13+00:00 ERROR Error persisting Meta logs: Impossible de créer l’instance d’API car le jeton d’accès est manquant. : []
2026-01-07T19:55:08+00:00 WARNING Product feed scheduling failed: Integration not configured. : {"flow_name":"product_feed","flow_step":"schedule_feed_generation"}
2026-01-07T19:55:08+00:00 WARNING Language override feed scheduling failed: Integration not configured. : {"flow_name":"language_override_feed","flow_step":"schedule_feed_generation"}
2026-01-07T19:55:08+00:00 ERROR Error persisting error logs: Impossible de créer l’instance d’API car le jeton d’accès est manquant. : []
2026-01-07T19:59:10+00:00 ERROR Error persisting Meta logs: Impossible de créer l’instance d’API car le jeton d’accès est manquant. : []
2026-01-07T19:59:10+00:00 ERROR Error persisting Meta logs: Impossible de créer l’instance d’API car le jeton d’accès est manquant. : []
2026-01-07T19:59:10+00:00 ERROR Error persisting Meta logs: Impossible de créer l’instance d’API car le jeton d’accès est manquant. : []
2026-01-07T20:04:12+00:00 ERROR Error persisting Meta logs: Impossible de créer l’instance d’API car le jeton d’accès est manquant. : []
2026-01-07T20:04:12+00:00 ERROR Error persisting Meta logs: Impossible de créer l’instance d’API car le jeton d’accès est manquant. : []
2026-01-07T20:04:12+00:00 ERROR Error persisting Meta logs: Impossible de créer l’instance d’API car le jeton d’accès est manquant. : []
2026-01-07T20:09:01+00:00 ERROR Error persisting Meta logs: Impossible de créer l’instance d’API car le jeton d’accès est manquant. : []
2026-01-07T20:09:01+00:00 ERROR Error persisting Meta logs: Impossible de créer l’instance d’API car le jeton d’accès est manquant. : []
2026-01-07T20:09:01+00:00 ERROR Error persisting Meta logs: Impossible de créer l’instance d’API car le jeton d’accès est manquant. : []
2026-01-07T20:14:20+00:00 ERROR Error persisting Meta logs: Impossible de créer l’instance d’API car le jeton d’accès est manquant. : []
2026-01-07T20:14:20+00:00 ERROR Error persisting Meta logs: Impossible de créer l’instance d’API car le jeton d’accès est manquant. : []
2026-01-07T20:14:20+00:00 ERROR Error persisting Meta logs: Impossible de créer l’instance d’API car le jeton d’accès est manquant. : []
2026-01-07T20:19:21+00:00 ERROR Error persisting Meta logs: Impossible de créer l’instance d’API car le jeton d’accès est manquant. : []
2026-01-07T20:19:21+00:00 ERROR Error persisting Meta logs: Impossible de créer l’instance d’API car le jeton d’accès est manquant. : []
2026-01-07T20:19:21+00:00 ERROR Error persisting Meta logs: Impossible de créer l’instance d’API car le jeton d’accès est manquant. : []
2026-01-07T20:24:25+00:00 ERROR Error persisting Meta logs: Impossible de créer l’instance d’API car le jeton d’accès est manquant. : []
2026-01-07T20:24:25+00:00 ERROR Error persisting Meta logs: Impossible de créer l’instance d’API car le jeton d’accès est manquant. : []
2026-01-07T20:24:25+00:00 ERROR Error persisting Meta logs: Impossible de créer l’instance d’API car le jeton d’accès est manquant. : []
2026-01-07T20:29:10+00:00 ERROR Error persisting Meta logs: Impossible de créer l’instance d’API car le jeton d’accès est manquant. : []
2026-01-07T20:29:10+00:00 ERROR Error persisting Meta logs: Impossible de créer l’instance d’API car le jeton d’accès est manquant. : []
2026-01-07T20:29:10+00:00 ERROR Error persisting Meta logs: Impossible de créer l’instance d’API car le jeton d’accès est manquant. : []
2026-01-07T20:34:29+00:00 ERROR Error persisting Meta logs: Impossible de créer l’instance d’API car le jeton d’accès est manquant. : []
2026-01-07T20:34:29+00:00 ERROR Error persisting Meta logs: Impossible de créer l’instance d’API car le jeton d’accès est manquant. : []
2026-01-07T20:34:29+00:00 ERROR Error persisting Meta logs: Impossible de créer l’instance d’API car le jeton d’accès est manquant. : []
2026-01-07T20:39:19+00:00 ERROR Error persisting Meta logs: Impossible de créer l’instance d’API car le jeton d’accès est manquant. : []
2026-01-07T20:39:19+00:00 ERROR Error persisting Meta logs: Impossible de créer l’instance d’API car le jeton d’accès est manquant. : []
2026-01-07T20:39:19+00:00 ERROR Error persisting Meta logs: Impossible de créer l’instance d’API car le jeton d’accès est manquant. : []
2026-01-07T20:44:07+00:00 ERROR Error persisting Meta logs: Impossible de créer l’instance d’API car le jeton d’accès est manquant. : []
2026-01-07T20:44:07+00:00 ERROR Error persisting Meta logs: Impossible de créer l’instance d’API car le jeton d’accès est manquant. : []
2026-01-07T20:44:07+00:00 ERROR Error persisting Meta logs: Impossible de créer l’instance d’API car le jeton d’accès est manquant. : []
2026-01-07T20:49:24+00:00 ERROR Error persisting Meta logs: Impossible de créer l’instance d’API car le jeton d’accès est manquant. : []
2026-01-07T20:49:24+00:00 ERROR Error persisting Meta logs: Impossible de créer l’instance d’API car le jeton d’accès est manquant. : []
2026-01-07T20:49:24+00:00 ERROR Error persisting Meta logs: Impossible de créer l’instance d’API car le jeton d’accès est manquant. : []
2026-01-07T20:54:10+00:00 ERROR Error persisting Meta logs: Impossible de créer l’instance d’API car le jeton d’accès est manquant. : []
2026-01-07T20:54:10+00:00 ERROR Error persisting Meta logs: Impossible de créer l’instance d’API car le jeton d’accès est manquant. : []
2026-01-07T20:54:10+00:00 ERROR Error persisting Meta logs: Impossible de créer l’instance d’API car le jeton d’accès est manquant. : []
2026-01-07T20:55:10+00:00 WARNING Product feed scheduling failed: Integration not configured. : {"flow_name":"product_feed","flow_step":"schedule_feed_generation"}
2026-01-07T20:55:10+00:00 WARNING Language override feed scheduling failed: Integration not configured. : {"flow_name":"language_override_feed","flow_step":"schedule_feed_generation"}
2026-01-07T20:59:12+00:00 ERROR Error persisting Meta logs: Impossible de créer l’instance d’API car le jeton d’accès est manquant. : []
2026-01-07T20:59:12+00:00 ERROR Error persisting Meta logs: Impossible de créer l’instance d’API car le jeton d’accès est manquant. : []
2026-01-07T20:59:12+00:00 ERROR Error persisting Meta logs: Impossible de créer l’instance d’API car le jeton d’accès est manquant. : []
2026-01-07T21:04:13+00:00 ERROR Error persisting Meta logs: Impossible de créer l’instance d’API car le jeton d’accès est manquant. : []
2026-01-07T21:04:13+00:00 ERROR Error persisting Meta logs: Impossible de créer l’instance d’API car le jeton d’accès est manquant. : []
2026-01-07T21:04:13+00:00 ERROR Error persisting Meta logs: Impossible de créer l’instance d’API car le jeton d’accès est manquant. : []
2026-01-07T21:09:17+00:00 ERROR Error persisting Meta logs: Impossible de créer l’instance d’API car le jeton d’accès est manquant. : []
2026-01-07T21:09:17+00:00 ERROR Error persisting Meta logs: Impossible de créer l’instance d’API car le jeton d’accès est manquant. : []
2026-01-07T21:09:17+00:00 ERROR Error persisting Meta logs: Impossible de créer l’instance d’API car le jeton d’accès est manquant. : []
2026-01-07T21:14:18+00:00 ERROR Error persisting Meta logs: Impossible de créer l’instance d’API car le jeton d’accès est manquant. : []
2026-01-07T21:14:18+00:00 ERROR Error persisting Meta logs: Impossible de créer l’instance d’API car le jeton d’accès est manquant. : []
2026-01-07T21:14:18+00:00 ERROR Error persisting Meta logs: Impossible de créer l’instance d’API car le jeton d’accès est manquant. : []
2026-01-07T21:19:02+00:00 ERROR Error persisting Meta logs: Impossible de créer l’instance d’API car le jeton d’accès est manquant. : []
2026-01-07T21:19:02+00:00 ERROR Error persisting Meta logs: Impossible de créer l’instance d’API car le jeton d’accès est manquant. : []
2026-01-07T21:19:02+00:00 ERROR Error persisting Meta logs: Impossible de créer l’instance d’API car le jeton d’accès est manquant. : []
2026-01-07T21:24:22+00:00 ERROR Error persisting Meta logs: Impossible de créer l’instance d’API car le jeton d’accès est manquant. : []
2026-01-07T21:24:22+00:00 ERROR Error persisting Meta logs: Impossible de créer l’instance d’API car le jeton d’accès est manquant. : []
2026-01-07T21:24:22+00:00 ERROR Error persisting Meta logs: Impossible de créer l’instance d’API car le jeton d’accès est manquant. : []
2026-01-07T21:29:27+00:00 ERROR Error persisting Meta logs: Impossible de créer l’instance d’API car le jeton d’accès est manquant. : []
2026-01-07T21:29:27+00:00 ERROR Error persisting Meta logs: Impossible de créer l’instance d’API car le jeton d’accès est manquant. : []
2026-01-07T21:29:27+00:00 ERROR Error persisting Meta logs: Impossible de créer l’instance d’API car le jeton d’accès est manquant. : []
2026-01-07T21:33:53+00:00 ERROR Error persisting Meta logs: Impossible de créer l’instance d’API car le jeton d’accès est manquant. : []
2026-01-07T21:33:53+00:00 ERROR Error persisting Meta logs: Impossible de créer l’instance d’API car le jeton d’accès est manquant. : []
2026-01-07T21:33:53+00:00 ERROR Error persisting Meta logs: Impossible de créer l’instance d’API car le jeton d’accès est manquant. : []
2026-01-07T21:39:10+00:00 ERROR Error persisting Meta logs: Impossible de créer l’instance d’API car le jeton d’accès est manquant. : []
2026-01-07T21:39:10+00:00 ERROR Error persisting Meta logs: Impossible de créer l’instance d’API car le jeton d’accès est manquant. : []
2026-01-07T21:39:10+00:00 ERROR Error persisting Meta logs: Impossible de créer l’instance d’API car le jeton d’accès est manquant. : []
2026-01-07T21:44:28+00:00 ERROR Error persisting Meta logs: Impossible de créer l’instance d’API car le jeton d’accès est manquant. : []
2026-01-07T21:44:28+00:00 ERROR Error persisting Meta logs: Impossible de créer l’instance d’API car le jeton d’accès est manquant. : []
2026-01-07T21:44:28+00:00 ERROR Error persisting Meta logs: Impossible de créer l’instance d’API car le jeton d’accès est manquant. : []
2026-01-07T21:49:16+00:00 ERROR Error persisting Meta logs: Impossible de créer l’instance d’API car le jeton d’accès est manquant. : []
2026-01-07T21:49:16+00:00 ERROR Error persisting Meta logs: Impossible de créer l’instance d’API car le jeton d’accès est manquant. : []
2026-01-07T21:49:16+00:00 ERROR Error persisting Meta logs: Impossible de créer l’instance d’API car le jeton d’accès est manquant. : []
2026-01-07T21:54:01+00:00 ERROR Error persisting Meta logs: Impossible de créer l’instance d’API car le jeton d’accès est manquant. : []
2026-01-07T21:54:01+00:00 ERROR Error persisting Meta logs: Impossible de créer l’instance d’API car le jeton d’accès est manquant. : []
2026-01-07T21:54:01+00:00 ERROR Error persisting Meta logs: Impossible de créer l’instance d’API car le jeton d’accès est manquant. : []
2026-01-07T21:55:37+00:00 WARNING Product feed scheduling failed: Integration not configured. : {"flow_name":"product_feed","flow_step":"schedule_feed_generation"}
2026-01-07T21:55:37+00:00 WARNING Language override feed scheduling failed: Integration not configured. : {"flow_name":"language_override_feed","flow_step":"schedule_feed_generation"}
2026-01-07T21:59:19+00:00 ERROR Error persisting Meta logs: Impossible de créer l’instance d’API car le jeton d’accès est manquant. : []
2026-01-07T21:59:19+00:00 ERROR Error persisting Meta logs: Impossible de créer l’instance d’API car le jeton d’accès est manquant. : []
2026-01-07T21:59:19+00:00 ERROR Error persisting Meta logs: Impossible de créer l’instance d’API car le jeton d’accès est manquant. : []
2026-01-07T22:04:12+00:00 ERROR Error persisting Meta logs: Impossible de créer l’instance d’API car le jeton d’accès est manquant. : []
2026-01-07T22:04:12+00:00 ERROR Error persisting Meta logs: Impossible de créer l’instance d’API car le jeton d’accès est manquant. : []
2026-01-07T22:04:12+00:00 ERROR Error persisting Meta logs: Impossible de créer l’instance d’API car le jeton d’accès est manquant. : []
2026-01-07T22:09:23+00:00 ERROR Error persisting Meta logs: Impossible de créer l’instance d’API car le jeton d’accès est manquant. : []
2026-01-07T22:09:23+00:00 ERROR Error persisting Meta logs: Impossible de créer l’instance d’API car le jeton d’accès est manquant. : []
2026-01-07T22:09:23+00:00 ERROR Error persisting Meta logs: Impossible de créer l’instance d’API car le jeton d’accès est manquant. : []
2026-01-07T22:14:07+00:00 ERROR Error persisting Meta logs: Impossible de créer l’instance d’API car le jeton d’accès est manquant. : []
2026-01-07T22:14:07+00:00 ERROR Error persisting Meta logs: Impossible de créer l’instance d’API car le jeton d’accès est manquant. : []
2026-01-07T22:14:07+00:00 ERROR Error persisting Meta logs: Impossible de créer l’instance d’API car le jeton d’accès est manquant. : []
2026-01-07T22:19:26+00:00 ERROR Error persisting Meta logs: Impossible de créer l’instance d’API car le jeton d’accès est manquant. : []
2026-01-07T22:19:26+00:00 ERROR Error persisting Meta logs: Impossible de créer l’instance d’API car le jeton d’accès est manquant. : []
2026-01-07T22:19:26+00:00 ERROR Error persisting Meta logs: Impossible de créer l’instance d’API car le jeton d’accès est manquant. : []
2026-01-07T22:24:14+00:00 ERROR Error persisting Meta logs: Impossible de créer l’instance d’API car le jeton d’accès est manquant. : []
2026-01-07T22:24:14+00:00 ERROR Error persisting Meta logs: Impossible de créer l’instance d’API car le jeton d’accès est manquant. : []
2026-01-07T22:24:14+00:00 ERROR Error persisting Meta logs: Impossible de créer l’instance d’API car le jeton d’accès est manquant. : []
2026-01-07T22:28:59+00:00 ERROR Error persisting Meta logs: Impossible de créer l’instance d’API car le jeton d’accès est manquant. : []
2026-01-07T22:28:59+00:00 ERROR Error persisting Meta logs: Impossible de créer l’instance d’API car le jeton d’accès est manquant. : []
2026-01-07T22:28:59+00:00 ERROR Error persisting Meta logs: Impossible de créer l’instance d’API car le jeton d’accès est manquant. : []
2026-01-07T22:34:16+00:00 ERROR Error persisting Meta logs: Impossible de créer l’instance d’API car le jeton d’accès est manquant. : []
2026-01-07T22:34:16+00:00 ERROR Error persisting Meta logs: Impossible de créer l’instance d’API car le jeton d’accès est manquant. : []
2026-01-07T22:34:16+00:00 ERROR Error persisting Meta logs: Impossible de créer l’instance d’API car le jeton d’accès est manquant. : []
2026-01-07T22:39:33+00:00 ERROR Error persisting Meta logs: Impossible de créer l’instance d’API car le jeton d’accès est manquant. : []
2026-01-07T22:39:33+00:00 ERROR Error persisting Meta logs: Impossible de créer l’instance d’API car le jeton d’accès est manquant. : []
2026-01-07T22:39:33+00:00 ERROR Error persisting Meta logs: Impossible de créer l’instance d’API car le jeton d’accès est manquant. : []
2026-01-07T22:44:21+00:00 ERROR Error persisting Meta logs: Impossible de créer l’instance d’API car le jeton d’accès est manquant. : []
2026-01-07T22:44:21+00:00 ERROR Error persisting Meta logs: Impossible de créer l’instance d’API car le jeton d’accès est manquant. : []
2026-01-07T22:44:21+00:00 ERROR Error persisting Meta logs: Impossible de créer l’instance d’API car le jeton d’accès est manquant. : []
2026-01-07T22:49:08+00:00 ERROR Error persisting Meta logs: Impossible de créer l’instance d’API car le jeton d’accès est manquant. : []
2026-01-07T22:49:08+00:00 ERROR Error persisting Meta logs: Impossible de créer l’instance d’API car le jeton d’accès est manquant. : []
2026-01-07T22:49:08+00:00 ERROR Error persisting Meta logs: Impossible de créer l’instance d’API car le jeton d’accès est manquant. : []
2026-01-07T22:54:08+00:00 ERROR Error persisting Meta logs: Impossible de créer l’instance d’API car le jeton d’accès est manquant. : []
2026-01-07T22:54:08+00:00 ERROR Error persisting Meta logs: Impossible de créer l’instance d’API car le jeton d’accès est manquant. : []
2026-01-07T22:54:08+00:00 ERROR Error persisting Meta logs: Impossible de créer l’instance d’API car le jeton d’accès est manquant. : []
2026-01-07T22:55:30+00:00 ERROR Error persisting error logs: Impossible de créer l’instance d’API car le jeton d’accès est manquant. : []
2026-01-07T22:59:12+00:00 ERROR Error persisting Meta logs: Impossible de créer l’instance d’API car le jeton d’accès est manquant. : []
2026-01-07T22:59:12+00:00 ERROR Error persisting Meta logs: Impossible de créer l’instance d’API car le jeton d’accès est manquant. : []
2026-01-07T22:59:12+00:00 ERROR Error persisting Meta logs: Impossible de créer l’instance d’API car le jeton d’accès est manquant. : []
2026-01-07T23:04:13+00:00 ERROR Error persisting Meta logs: Impossible de créer l’instance d’API car le jeton d’accès est manquant. : []
2026-01-07T23:04:13+00:00 ERROR Error persisting Meta logs: Impossible de créer l’instance d’API car le jeton d’accès est manquant. : []
2026-01-07T23:04:13+00:00 ERROR Error persisting Meta logs: Impossible de créer l’instance d’API car le jeton d’accès est manquant. : []
2026-01-07T23:09:14+00:00 ERROR Error persisting Meta logs: Impossible de créer l’instance d’API car le jeton d’accès est manquant. : []
2026-01-07T23:09:14+00:00 ERROR Error persisting Meta logs: Impossible de créer l’instance d’API car le jeton d’accès est manquant. : []
2026-01-07T23:09:14+00:00 ERROR Error persisting Meta logs: Impossible de créer l’instance d’API car le jeton d’accès est manquant. : []
2026-01-07T23:16:47+00:00 ERROR Error persisting Meta logs: Impossible de créer l’instance d’API car le jeton d’accès est manquant. : []
2026-01-07T23:16:47+00:00 ERROR Error persisting Meta logs: Impossible de créer l’instance d’API car le jeton d’accès est manquant. : []
2026-01-07T23:16:47+00:00 ERROR Error persisting Meta logs: Impossible de créer l’instance d’API car le jeton d’accès est manquant. : []
2026-01-07T23:20:50+00:00 ERROR Error persisting Meta logs: Impossible de créer l’instance d’API car le jeton d’accès est manquant. : []
2026-01-07T23:20:50+00:00 ERROR Error persisting Meta logs: Impossible de créer l’instance d’API car le jeton d’accès est manquant. : []
2026-01-07T23:20:50+00:00 ERROR Error persisting Meta logs: Impossible de créer l’instance d’API car le jeton d’accès est manquant. : []
2026-01-07T23:26:52+00:00 ERROR Error persisting Meta logs: Impossible de créer l’instance d’API car le jeton d’accès est manquant. : []
2026-01-07T23:26:52+00:00 ERROR Error persisting Meta logs: Impossible de créer l’instance d’API car le jeton d’accès est manquant. : []
2026-01-07T23:26:52+00:00 ERROR Error persisting Meta logs: Impossible de créer l’instance d’API car le jeton d’accès est manquant. : []
2026-01-07T23:30:53+00:00 ERROR Error persisting Meta logs: Impossible de créer l’instance d’API car le jeton d’accès est manquant. : []
2026-01-07T23:30:53+00:00 ERROR Error persisting Meta logs: Impossible de créer l’instance d’API car le jeton d’accès est manquant. : []
2026-01-07T23:30:53+00:00 ERROR Error persisting Meta logs: Impossible de créer l’instance d’API car le jeton d’accès est manquant. : []
2026-01-07T23:36:56+00:00 ERROR Error persisting Meta logs: Impossible de créer l’instance d’API car le jeton d’accès est manquant. : []
2026-01-07T23:36:56+00:00 ERROR Error persisting Meta logs: Impossible de créer l’instance d’API car le jeton d’accès est manquant. : []
2026-01-07T23:36:56+00:00 ERROR Error persisting Meta logs: Impossible de créer l’instance d’API car le jeton d’accès est manquant. : []
2026-01-07T23:40:58+00:00 ERROR Error persisting Meta logs: Impossible de créer l’instance d’API car le jeton d’accès est manquant. : []
2026-01-07T23:40:58+00:00 ERROR Error persisting Meta logs: Impossible de créer l’instance d’API car le jeton d’accès est manquant. : []
2026-01-07T23:40:58+00:00 ERROR Error persisting Meta logs: Impossible de créer l’instance d’API car le jeton d’accès est manquant. : []
2026-01-07T23:45:07+00:00 ERROR Error persisting Meta logs: Impossible de créer l’instance d’API car le jeton d’accès est manquant. : []
2026-01-07T23:45:07+00:00 ERROR Error persisting Meta logs: Impossible de créer l’instance d’API car le jeton d’accès est manquant. : []
2026-01-07T23:45:07+00:00 ERROR Error persisting Meta logs: Impossible de créer l’instance d’API car le jeton d’accès est manquant. : []
